<?xml version="1.0" encoding="UTF-8"?>
<testsuite name="Cucumber" time="383.795" tests="12" skipped="0" failures="1" errors="0">
<testcase classname="User buys a product in demo store application" name="User buys a product" time="62.424">
<system-out><![CDATA[
When user login to the application with "johndrew@gmail.com" and "Password123".passed
And user was navigated back to home page....................................passed
When user search and find product "Selene Yoga Hoodie"......................passed
And user selects color and size.............................................passed
And user adds product to cart...............................................passed
Then user clicks checkout button............................................passed
And user verifies address and order details.................................passed
And user clicks place order button..........................................passed
Then user checks order receipt "Selene Yoga Hoodie".........................passed
And user signs out of the application.......................................passed
]]></system-out>
</testcase>
<testcase classname="User login to demo store application" name="User logins with valid credentials" time="35.718">
<system-out><![CDATA[
Given user navigates to login page..........................................passed
When user enters email "johnDrew@test.com"..................................passed
And user enters password "Password123"......................................passed
And user clicks login button................................................passed
Then user was navigated back to home page...................................passed
And user name is visible "John Drew"........................................passed
]]></system-out>
</testcase>
<testcase classname="User login to demo store application" name="User logins with invalid credentials - #1.1" time="29.942">
<system-out><![CDATA[
Given user navigates to login page..........................................passed
When user enters email "feary@waq.com"......................................passed
And user enters password "Password123"......................................passed
And user clicks login button................................................passed
Then user should get proper warning message.................................passed
]]></system-out>
</testcase>
<testcase classname="User login to demo store application" name="User logins with invalid credentials - #1.2" time="25.655">
<system-out><![CDATA[
Given user navigates to login page..........................................passed
When user enters email "johnDrew@test.com"..................................passed
And user enters password "wpasswed".........................................passed
And user clicks login button................................................passed
Then user should get proper warning message.................................passed
]]></system-out>
</testcase>
<testcase classname="User login to demo store application" name="User logins with invalid credentials - #1.3" time="24.377">
<system-out><![CDATA[
Given user navigates to login page..........................................passed
When user enters email "johndrewos@test.com"................................passed
And user enters password "wpasswed".........................................passed
And user clicks login button................................................passed
Then user should get proper warning message.................................passed
]]></system-out>
</testcase>
<testcase classname="User login to demo store application" name="User logins with invalid credentials - #1.4" time="24.278">
<system-out><![CDATA[
Given user navigates to login page..........................................passed
When user enters email "john_@@test.com"....................................passed
And user enters password "wpa@!swed"........................................passed
And user clicks login button................................................passed
Then user should get proper warning message.................................passed
]]></system-out>
</testcase>
<testcase classname="User login to demo store application" name="User logins with empty credentials" time="25.004">
<system-out><![CDATA[
Given user navigates to login page..........................................passed
When user doesnot enters credentials........................................passed
And user clicks login button................................................passed
Then user gets email warning message "This is a required field."............passed
And user gets password warning message "This is a required field."..........passed
]]></system-out>
</testcase>
<testcase classname="User creates an account in demo store application" name="User registers with all fields" time="36.339">
<system-out><![CDATA[
Given user navigates to register page.......................................passed
When user enters firstname "John"...........................................passed
And user enters lastname "Drew".............................................passed
And user enters new random email............................................passed
And user enters new password "Password123"..................................passed
And user enters confirm password "Password123"..............................passed
And user clicks create account button.......................................passed
Then user was navigated back to customer page...............................passed
And user name in welcome message "John Drew"................................passed
]]></system-out>
</testcase>
<testcase classname="User creates an account in demo store application" name="User registers with invalid data - #1.1" time="35.343">
<failure type="org.openqa.selenium.TimeoutException" message="timeout: Timed out receiving message from renderer: 22.053
  (Session info: MicrosoftEdge=127.0.2651.86)
Build info: version: '4.22.0', revision: 'c5f3146703*'
System info: os.name: 'Windows 11', os.arch: 'amd64', os.version: '10.0', java.version: '22.0.1'
Driver info: org.openqa.selenium.edge.EdgeDriver
Command: [427c5c2a6f217548020fff073001b589, get {url=https://magento.softwaretestingboard.com/}]
Capabilities {acceptInsecureCerts: false, browserName: MicrosoftEdge, browserVersion: 127.0.2651.86, fedcm:accounts: true, ms:edgeOptions: {debuggerAddress: localhost:49528}, msedge: {msedgedriverVersion: 127.0.2651.86 (ac31d8b82969..., userDataDir: C:\Users\admin\AppData\Loca...}, networkConnectionEnabled: false, pageLoadStrategy: normal, platformName: windows, proxy: Proxy(), se:cdp: ws://localhost:49528/devtoo..., se:cdpVersion: 127.0.2651.86, setWindowRect: true, strictFileInteractability: false, timeouts: {implicit: 0, pageLoad: 300000, script: 30000}, unhandledPromptBehavior: dismiss and notify, webauthn:extension:credBlob: true, webauthn:extension:largeBlob: true, webauthn:extension:minPinLength: true, webauthn:extension:prf: true, webauthn:virtualAuthenticators: true}
Session ID: 427c5c2a6f217548020fff073001b589">
<![CDATA[org.openqa.selenium.TimeoutException: timeout: Timed out receiving message from renderer: 22.053
  (Session info: MicrosoftEdge=127.0.2651.86)
Build info: version: '4.22.0', revision: 'c5f3146703*'
System info: os.name: 'Windows 11', os.arch: 'amd64', os.version: '10.0', java.version: '22.0.1'
Driver info: org.openqa.selenium.edge.EdgeDriver
Command: [427c5c2a6f217548020fff073001b589, get {url=https://magento.softwaretestingboard.com/}]
Capabilities {acceptInsecureCerts: false, browserName: MicrosoftEdge, browserVersion: 127.0.2651.86, fedcm:accounts: true, ms:edgeOptions: {debuggerAddress: localhost:49528}, msedge: {msedgedriverVersion: 127.0.2651.86 (ac31d8b82969..., userDataDir: C:\Users\admin\AppData\Loca...}, networkConnectionEnabled: false, pageLoadStrategy: normal, platformName: windows, proxy: Proxy(), se:cdp: ws://localhost:49528/devtoo..., se:cdpVersion: 127.0.2651.86, setWindowRect: true, strictFileInteractability: false, timeouts: {implicit: 0, pageLoad: 300000, script: 30000}, unhandledPromptBehavior: dismiss and notify, webauthn:extension:credBlob: true, webauthn:extension:largeBlob: true, webauthn:extension:minPinLength: true, webauthn:extension:prf: true, webauthn:virtualAuthenticators: true}
Session ID: 427c5c2a6f217548020fff073001b589
	at java.base/jdk.internal.reflect.DirectConstructorHandleAccessor.newInstance(DirectConstructorHandleAccessor.java:62)
	at java.base/java.lang.reflect.Constructor.newInstanceWithCaller(Constructor.java:502)
	at java.base/java.lang.reflect.Constructor.newInstance(Constructor.java:486)
	at org.openqa.selenium.remote.ErrorCodec.decode(ErrorCodec.java:167)
	at org.openqa.selenium.remote.codec.w3c.W3CHttpResponseCodec.decode(W3CHttpResponseCodec.java:138)
	at org.openqa.selenium.remote.codec.w3c.W3CHttpResponseCodec.decode(W3CHttpResponseCodec.java:50)
	at org.openqa.selenium.remote.HttpCommandExecutor.execute(HttpCommandExecutor.java:190)
	at org.openqa.selenium.remote.service.DriverCommandExecutor.invokeExecute(DriverCommandExecutor.java:216)
	at org.openqa.selenium.remote.service.DriverCommandExecutor.execute(DriverCommandExecutor.java:174)
	at org.openqa.selenium.remote.RemoteWebDriver.execute(RemoteWebDriver.java:518)
	at org.openqa.selenium.remote.RemoteWebDriver.get(RemoteWebDriver.java:300)
	at org.demoStore.hooks.AllHooks.urlSetup(AllHooks.java:58)
]]>
</failure>
<system-out><![CDATA[
Given user navigates to register page.......................................skipped
When user enters firstname "John12".........................................skipped
And user enters lastname "Drew12"...........................................skipped
And user enters new email "johndrew@gmail.com"..............................skipped
And user enters new password "wqassword"....................................skipped
And user enters confirm password "wqassword"................................skipped
And user clicks create account button.......................................skipped
Then user should get proper register warning message........................skipped
]]></system-out>
</testcase>
<testcase classname="User creates an account in demo store application" name="User registers with invalid data - #1.2" time="21.144">
<system-out><![CDATA[
Given user navigates to register page.......................................passed
When user enters firstname "45".............................................passed
And user enters lastname "12"...............................................passed
And user enters new email "johndrew@com"....................................passed
And user enters new password "wqa"..........................................passed
And user enters confirm password "wqa"......................................passed
And user clicks create account button.......................................passed
Then user should get proper register warning message........................passed
]]></system-out>
</testcase>
<testcase classname="User creates an account in demo store application" name="User registers with empty credentials" time="27.476">
<system-out><![CDATA[
Given user navigates to register page.......................................passed
When user doesnot enters any details........................................passed
And user clicks create account button.......................................passed
Then user gets firstname warning message "This is a required field."........passed
And user gets lastname warning message "This is a required field."..........passed
And user gets email error message "This is a required field."...............passed
And user gets password and confirm password warning message "This is a required field.".passed
]]></system-out>
</testcase>
<testcase classname="User searches for a product in demo store application" name="User searches a product - #1.1" time="35.649">
<system-out><![CDATA[
When user login to the application with "johndrew@gmail.com" and "Password123".passed
And user was navigated back to home page....................................passed
When user enters product name "Selene Yoga Hoodie"..........................passed
And user finds searched product "Selene Yoga Hoodie"........................passed
And user clicks product name link...........................................passed
Then user checks product details............................................passed
And user logs out of the application........................................passed
]]></system-out>
</testcase>
</testsuite>
