<?xml version="1.0" encoding="UTF-8"?>
<testsuite xmlns:xsi="http://www.w3.org/2001/XMLSchema-instance" xsi:noNamespaceSchemaLocation="https://maven.apache.org/surefire/maven-surefire-plugin/xsd/surefire-test-report-3.0.xsd" version="3.0" name="org.demoStore.runner.Runner" time="385.023" tests="12" errors="1" skipped="0" failures="0">
  <properties>
    <property name="java.specification.version" value="22"/>
    <property name="sun.cpu.isalist" value="amd64"/>
    <property name="sun.jnu.encoding" value="UTF-8"/>
    <property name="java.class.path" value="D:\d\eclipse-workspace\DemoStoreJunit\target\test-classes;D:\d\eclipse-workspace\DemoStoreJunit\target\classes;C:\Users\admin\.m2\repository\org\junit\jupiter\junit-jupiter-api\5.10.2\junit-jupiter-api-5.10.2.jar;C:\Users\admin\.m2\repository\org\opentest4j\opentest4j\1.3.0\opentest4j-1.3.0.jar;C:\Users\admin\.m2\repository\org\junit\platform\junit-platform-commons\1.10.2\junit-platform-commons-1.10.2.jar;C:\Users\admin\.m2\repository\org\apiguardian\apiguardian-api\1.1.2\apiguardian-api-1.1.2.jar;C:\Users\admin\.m2\repository\io\cucumber\cucumber-core\7.17.0\cucumber-core-7.17.0.jar;C:\Users\admin\.m2\repository\io\cucumber\cucumber-gherkin\7.17.0\cucumber-gherkin-7.17.0.jar;C:\Users\admin\.m2\repository\io\cucumber\cucumber-gherkin-messages\7.17.0\cucumber-gherkin-messages-7.17.0.jar;C:\Users\admin\.m2\repository\io\cucumber\gherkin\28.0.0\gherkin-28.0.0.jar;C:\Users\admin\.m2\repository\io\cucumber\messages\24.1.0\messages-24.1.0.jar;C:\Users\admin\.m2\repository\io\cucumber\testng-xml-formatter\0.1.0\testng-xml-formatter-0.1.0.jar;C:\Users\admin\.m2\repository\io\cucumber\query\12.2.0\query-12.2.0.jar;C:\Users\admin\.m2\repository\io\cucumber\tag-expressions\6.1.0\tag-expressions-6.1.0.jar;C:\Users\admin\.m2\repository\io\cucumber\cucumber-expressions\17.1.0\cucumber-expressions-17.1.0.jar;C:\Users\admin\.m2\repository\io\cucumber\datatable\7.17.0\datatable-7.17.0.jar;C:\Users\admin\.m2\repository\io\cucumber\cucumber-plugin\7.17.0\cucumber-plugin-7.17.0.jar;C:\Users\admin\.m2\repository\io\cucumber\docstring\7.17.0\docstring-7.17.0.jar;C:\Users\admin\.m2\repository\io\cucumber\html-formatter\21.3.1\html-formatter-21.3.1.jar;C:\Users\admin\.m2\repository\io\cucumber\junit-xml-formatter\0.4.0\junit-xml-formatter-0.4.0.jar;C:\Users\admin\.m2\repository\io\cucumber\ci-environment\10.0.1\ci-environment-10.0.1.jar;C:\Users\admin\.m2\repository\io\cucumber\cucumber-java\7.17.0\cucumber-java-7.17.0.jar;C:\Users\admin\.m2\repository\io\cucumber\cucumber-junit\7.17.0\cucumber-junit-7.17.0.jar;C:\Users\admin\.m2\repository\junit\junit\4.13.2\junit-4.13.2.jar;C:\Users\admin\.m2\repository\org\hamcrest\hamcrest-core\1.3\hamcrest-core-1.3.jar;C:\Users\admin\.m2\repository\io\cucumber\cucumber-html\0.2.7\cucumber-html-0.2.7.jar;C:\Users\admin\.m2\repository\io\cucumber\cucumber-jvm-deps\1.0.6\cucumber-jvm-deps-1.0.6.jar;C:\Users\admin\.m2\repository\net\masterthought\cucumber-reporting\5.8.0\cucumber-reporting-5.8.0.jar;C:\Users\admin\.m2\repository\com\fasterxml\jackson\core\jackson-databind\2.16.1\jackson-databind-2.16.1.jar;C:\Users\admin\.m2\repository\com\fasterxml\jackson\core\jackson-annotations\2.16.1\jackson-annotations-2.16.1.jar;C:\Users\admin\.m2\repository\com\fasterxml\jackson\core\jackson-core\2.16.1\jackson-core-2.16.1.jar;C:\Users\admin\.m2\repository\com\fasterxml\jackson\datatype\jackson-datatype-jsr310\2.16.1\jackson-datatype-jsr310-2.16.1.jar;C:\Users\admin\.m2\repository\org\apache\velocity\velocity-engine-core\2.3\velocity-engine-core-2.3.jar;C:\Users\admin\.m2\repository\joda-time\joda-time\2.12.6\joda-time-2.12.6.jar;C:\Users\admin\.m2\repository\org\apache\commons\commons-configuration2\2.9.0\commons-configuration2-2.9.0.jar;C:\Users\admin\.m2\repository\org\apache\commons\commons-lang3\3.14.0\commons-lang3-3.14.0.jar;C:\Users\admin\.m2\repository\commons-io\commons-io\2.15.1\commons-io-2.15.1.jar;C:\Users\admin\.m2\repository\org\apache\commons\commons-text\1.11.0\commons-text-1.11.0.jar;C:\Users\admin\.m2\repository\org\jsoup\jsoup\1.17.2\jsoup-1.17.2.jar;C:\Users\admin\.m2\repository\com\googlecode\owasp-java-html-sanitizer\owasp-java-html-sanitizer\20220608.1\owasp-java-html-sanitizer-20220608.1.jar;C:\Users\admin\.m2\repository\com\google\guava\guava\33.0.0-jre\guava-33.0.0-jre.jar;C:\Users\admin\.m2\repository\com\google\guava\failureaccess\1.0.2\failureaccess-1.0.2.jar;C:\Users\admin\.m2\repository\com\google\guava\listenablefuture\9999.0-empty-to-avoid-conflict-with-guava\listenablefuture-9999.0-empty-to-avoid-conflict-with-guava.jar;C:\Users\admin\.m2\repository\com\google\code\findbugs\jsr305\3.0.2\jsr305-3.0.2.jar;C:\Users\admin\.m2\repository\org\checkerframework\checker-qual\3.41.0\checker-qual-3.41.0.jar;C:\Users\admin\.m2\repository\com\google\errorprone\error_prone_annotations\2.23.0\error_prone_annotations-2.23.0.jar;C:\Users\admin\.m2\repository\com\google\j2objc\j2objc-annotations\2.8\j2objc-annotations-2.8.jar;C:\Users\admin\.m2\repository\org\slf4j\jcl-over-slf4j\2.0.11\jcl-over-slf4j-2.0.11.jar;C:\Users\admin\.m2\repository\org\seleniumhq\selenium\selenium-java\4.22.0\selenium-java-4.22.0.jar;C:\Users\admin\.m2\repository\org\seleniumhq\selenium\selenium-api\4.22.0\selenium-api-4.22.0.jar;C:\Users\admin\.m2\repository\org\seleniumhq\selenium\selenium-chrome-driver\4.22.0\selenium-chrome-driver-4.22.0.jar;C:\Users\admin\.m2\repository\com\google\auto\service\auto-service-annotations\1.1.1\auto-service-annotations-1.1.1.jar;C:\Users\admin\.m2\repository\org\seleniumhq\selenium\selenium-chromium-driver\4.22.0\selenium-chromium-driver-4.22.0.jar;C:\Users\admin\.m2\repository\org\seleniumhq\selenium\selenium-json\4.22.0\selenium-json-4.22.0.jar;C:\Users\admin\.m2\repository\org\seleniumhq\selenium\selenium-manager\4.22.0\selenium-manager-4.22.0.jar;C:\Users\admin\.m2\repository\org\seleniumhq\selenium\selenium-devtools-v124\4.22.0\selenium-devtools-v124-4.22.0.jar;C:\Users\admin\.m2\repository\org\seleniumhq\selenium\selenium-devtools-v125\4.22.0\selenium-devtools-v125-4.22.0.jar;C:\Users\admin\.m2\repository\org\seleniumhq\selenium\selenium-devtools-v126\4.22.0\selenium-devtools-v126-4.22.0.jar;C:\Users\admin\.m2\repository\org\seleniumhq\selenium\selenium-devtools-v85\4.22.0\selenium-devtools-v85-4.22.0.jar;C:\Users\admin\.m2\repository\org\seleniumhq\selenium\selenium-edge-driver\4.22.0\selenium-edge-driver-4.22.0.jar;C:\Users\admin\.m2\repository\org\seleniumhq\selenium\selenium-firefox-driver\4.22.0\selenium-firefox-driver-4.22.0.jar;C:\Users\admin\.m2\repository\org\seleniumhq\selenium\selenium-http\4.22.0\selenium-http-4.22.0.jar;C:\Users\admin\.m2\repository\dev\failsafe\failsafe\3.3.2\failsafe-3.3.2.jar;C:\Users\admin\.m2\repository\org\seleniumhq\selenium\selenium-ie-driver\4.22.0\selenium-ie-driver-4.22.0.jar;C:\Users\admin\.m2\repository\org\seleniumhq\selenium\selenium-remote-driver\4.22.0\selenium-remote-driver-4.22.0.jar;C:\Users\admin\.m2\repository\io\opentelemetry\semconv\opentelemetry-semconv\1.25.0-alpha\opentelemetry-semconv-1.25.0-alpha.jar;C:\Users\admin\.m2\repository\io\opentelemetry\opentelemetry-api\1.39.0\opentelemetry-api-1.39.0.jar;C:\Users\admin\.m2\repository\io\opentelemetry\opentelemetry-context\1.39.0\opentelemetry-context-1.39.0.jar;C:\Users\admin\.m2\repository\io\opentelemetry\opentelemetry-exporter-logging\1.39.0\opentelemetry-exporter-logging-1.39.0.jar;C:\Users\admin\.m2\repository\io\opentelemetry\opentelemetry-sdk-common\1.39.0\opentelemetry-sdk-common-1.39.0.jar;C:\Users\admin\.m2\repository\io\opentelemetry\opentelemetry-sdk-extension-autoconfigure-spi\1.39.0\opentelemetry-sdk-extension-autoconfigure-spi-1.39.0.jar;C:\Users\admin\.m2\repository\io\opentelemetry\opentelemetry-sdk-extension-autoconfigure\1.39.0\opentelemetry-sdk-extension-autoconfigure-1.39.0.jar;C:\Users\admin\.m2\repository\io\opentelemetry\opentelemetry-api-incubator\1.39.0-alpha\opentelemetry-api-incubator-1.39.0-alpha.jar;C:\Users\admin\.m2\repository\io\opentelemetry\opentelemetry-sdk-trace\1.39.0\opentelemetry-sdk-trace-1.39.0.jar;C:\Users\admin\.m2\repository\io\opentelemetry\opentelemetry-sdk\1.39.0\opentelemetry-sdk-1.39.0.jar;C:\Users\admin\.m2\repository\io\opentelemetry\opentelemetry-sdk-metrics\1.39.0\opentelemetry-sdk-metrics-1.39.0.jar;C:\Users\admin\.m2\repository\io\opentelemetry\opentelemetry-sdk-logs\1.39.0\opentelemetry-sdk-logs-1.39.0.jar;C:\Users\admin\.m2\repository\net\bytebuddy\byte-buddy\1.14.17\byte-buddy-1.14.17.jar;C:\Users\admin\.m2\repository\org\seleniumhq\selenium\selenium-os\4.22.0\selenium-os-4.22.0.jar;C:\Users\admin\.m2\repository\org\apache\commons\commons-exec\1.4.0\commons-exec-1.4.0.jar;C:\Users\admin\.m2\repository\org\seleniumhq\selenium\selenium-safari-driver\4.22.0\selenium-safari-driver-4.22.0.jar;C:\Users\admin\.m2\repository\org\seleniumhq\selenium\selenium-support\4.22.0\selenium-support-4.22.0.jar;C:\Users\admin\.m2\repository\tech\grasshopper\extentreports-cucumber7-adapter\1.14.0\extentreports-cucumber7-adapter-1.14.0.jar;C:\Users\admin\.m2\repository\com\aventstack\extentreports\5.1.0\extentreports-5.1.0.jar;C:\Users\admin\.m2\repository\io\reactivex\rxjava3\rxjava\3.1.6\rxjava-3.1.6.jar;C:\Users\admin\.m2\repository\org\reactivestreams\reactive-streams\1.0.4\reactive-streams-1.0.4.jar;C:\Users\admin\.m2\repository\org\freemarker\freemarker\2.3.32\freemarker-2.3.32.jar;C:\Users\admin\.m2\repository\org\projectlombok\lombok\1.18.26\lombok-1.18.26.jar;C:\Users\admin\.m2\repository\com\google\code\gson\gson\2.10.1\gson-2.10.1.jar;C:\Users\admin\.m2\repository\tech\grasshopper\extent-pdf-report\2.12.0\extent-pdf-report-2.12.0.jar;C:\Users\admin\.m2\repository\tech\grasshopper\cucumber-pdf-report\2.14.0\cucumber-pdf-report-2.14.0.jar;C:\Users\admin\.m2\repository\org\apache\pdfbox\pdfbox\2.0.26\pdfbox-2.0.26.jar;C:\Users\admin\.m2\repository\org\apache\pdfbox\fontbox\2.0.26\fontbox-2.0.26.jar;C:\Users\admin\.m2\repository\org\knowm\xchart\xchart\3.8.0\xchart-3.8.0.jar;C:\Users\admin\.m2\repository\de\erichseifert\vectorgraphics2d\VectorGraphics2D\0.13\VectorGraphics2D-0.13.jar;C:\Users\admin\.m2\repository\de\rototor\pdfbox\graphics2d\0.30\graphics2d-0.30.jar;C:\Users\admin\.m2\repository\com\madgag\animated-gif-lib\1.4\animated-gif-lib-1.4.jar;C:\Users\admin\.m2\repository\org\yaml\snakeyaml\2.0\snakeyaml-2.0.jar;C:\Users\admin\.m2\repository\tech\grasshopper\table-layout\1.5.1\table-layout-1.5.1.jar;C:\Users\admin\.m2\repository\tech\grasshopper\rest-assured-cucumber-pdf-report\1.5.0\rest-assured-cucumber-pdf-report-1.5.0.jar;C:\Users\admin\.m2\repository\com\aventstack\klov-reporter\5.1.0\klov-reporter-5.1.0.jar;C:\Users\admin\.m2\repository\org\mongodb\mongodb-driver\3.6.4\mongodb-driver-3.6.4.jar;C:\Users\admin\.m2\repository\org\mongodb\mongodb-driver-core\3.6.4\mongodb-driver-core-3.6.4.jar;C:\Users\admin\.m2\repository\org\mongodb\bson\3.6.4\bson-3.6.4.jar;C:\Users\admin\.m2\repository\org\apache\httpcomponents\httpclient\4.5.13\httpclient-4.5.13.jar;C:\Users\admin\.m2\repository\org\apache\httpcomponents\httpcore\4.4.13\httpcore-4.4.13.jar;C:\Users\admin\.m2\repository\commons-logging\commons-logging\1.2\commons-logging-1.2.jar;C:\Users\admin\.m2\repository\commons-codec\commons-codec\1.11\commons-codec-1.11.jar;C:\Users\admin\.m2\repository\org\apache\httpcomponents\httpmime\4.5.13\httpmime-4.5.13.jar;C:\Users\admin\.m2\repository\tech\grasshopper\htmlextentreporter\1.1.0\htmlextentreporter-1.1.0.jar;C:\Users\admin\.m2\repository\tech\grasshopper\extent-excel-report\1.4.0\extent-excel-report-1.4.0.jar;C:\Users\admin\.m2\repository\org\apache\poi\poi\5.2.3\poi-5.2.3.jar;C:\Users\admin\.m2\repository\org\apache\commons\commons-collections4\4.4\commons-collections4-4.4.jar;C:\Users\admin\.m2\repository\org\apache\commons\commons-math3\3.6.1\commons-math3-3.6.1.jar;C:\Users\admin\.m2\repository\com\zaxxer\SparseBitSet\1.2\SparseBitSet-1.2.jar;C:\Users\admin\.m2\repository\org\apache\poi\poi-ooxml\5.2.3\poi-ooxml-5.2.3.jar;C:\Users\admin\.m2\repository\org\apache\poi\poi-ooxml-lite\5.2.3\poi-ooxml-lite-5.2.3.jar;C:\Users\admin\.m2\repository\org\apache\xmlbeans\xmlbeans\5.1.1\xmlbeans-5.1.1.jar;C:\Users\admin\.m2\repository\org\apache\commons\commons-compress\1.21\commons-compress-1.21.jar;C:\Users\admin\.m2\repository\com\github\virtuald\curvesapi\1.07\curvesapi-1.07.jar;C:\Users\admin\.m2\repository\org\apache\logging\log4j\log4j-core\2.23.1\log4j-core-2.23.1.jar;C:\Users\admin\.m2\repository\org\apache\logging\log4j\log4j-api\2.23.1\log4j-api-2.23.1.jar;C:\Users\admin\.m2\repository\org\slf4j\slf4j-api\2.0.13\slf4j-api-2.0.13.jar;C:\Users\admin\.m2\repository\org\slf4j\slf4j-jdk14\2.0.13\slf4j-jdk14-2.0.13.jar;"/>
    <property name="java.vm.vendor" value="Oracle Corporation"/>
    <property name="sun.arch.data.model" value="64"/>
    <property name="user.variant" value=""/>
    <property name="java.vendor.url" value="https://java.oracle.com/"/>
    <property name="user.timezone" value="Asia/Calcutta"/>
    <property name="os.name" value="Windows 11"/>
    <property name="java.vm.specification.version" value="22"/>
    <property name="sun.java.launcher" value="SUN_STANDARD"/>
    <property name="user.country" value="IN"/>
    <property name="sun.boot.library.path" value="C:\Program Files\Java\jdk-22\bin"/>
    <property name="sun.java.command" value="C:\Users\admin\AppData\Local\Temp\surefire9470798301451671138\surefirebooter-20240804190642967_3.jar C:\Users\admin\AppData\Local\Temp\surefire9470798301451671138 2024-08-04T19-06-42_563-jvmRun1 surefire-20240804190642967_1tmp surefire_0-20240804190642967_2tmp"/>
    <property name="jdk.debug" value="release"/>
    <property name="surefire.test.class.path" value="D:\d\eclipse-workspace\DemoStoreJunit\target\test-classes;D:\d\eclipse-workspace\DemoStoreJunit\target\classes;C:\Users\admin\.m2\repository\org\junit\jupiter\junit-jupiter-api\5.10.2\junit-jupiter-api-5.10.2.jar;C:\Users\admin\.m2\repository\org\opentest4j\opentest4j\1.3.0\opentest4j-1.3.0.jar;C:\Users\admin\.m2\repository\org\junit\platform\junit-platform-commons\1.10.2\junit-platform-commons-1.10.2.jar;C:\Users\admin\.m2\repository\org\apiguardian\apiguardian-api\1.1.2\apiguardian-api-1.1.2.jar;C:\Users\admin\.m2\repository\io\cucumber\cucumber-core\7.17.0\cucumber-core-7.17.0.jar;C:\Users\admin\.m2\repository\io\cucumber\cucumber-gherkin\7.17.0\cucumber-gherkin-7.17.0.jar;C:\Users\admin\.m2\repository\io\cucumber\cucumber-gherkin-messages\7.17.0\cucumber-gherkin-messages-7.17.0.jar;C:\Users\admin\.m2\repository\io\cucumber\gherkin\28.0.0\gherkin-28.0.0.jar;C:\Users\admin\.m2\repository\io\cucumber\messages\24.1.0\messages-24.1.0.jar;C:\Users\admin\.m2\repository\io\cucumber\testng-xml-formatter\0.1.0\testng-xml-formatter-0.1.0.jar;C:\Users\admin\.m2\repository\io\cucumber\query\12.2.0\query-12.2.0.jar;C:\Users\admin\.m2\repository\io\cucumber\tag-expressions\6.1.0\tag-expressions-6.1.0.jar;C:\Users\admin\.m2\repository\io\cucumber\cucumber-expressions\17.1.0\cucumber-expressions-17.1.0.jar;C:\Users\admin\.m2\repository\io\cucumber\datatable\7.17.0\datatable-7.17.0.jar;C:\Users\admin\.m2\repository\io\cucumber\cucumber-plugin\7.17.0\cucumber-plugin-7.17.0.jar;C:\Users\admin\.m2\repository\io\cucumber\docstring\7.17.0\docstring-7.17.0.jar;C:\Users\admin\.m2\repository\io\cucumber\html-formatter\21.3.1\html-formatter-21.3.1.jar;C:\Users\admin\.m2\repository\io\cucumber\junit-xml-formatter\0.4.0\junit-xml-formatter-0.4.0.jar;C:\Users\admin\.m2\repository\io\cucumber\ci-environment\10.0.1\ci-environment-10.0.1.jar;C:\Users\admin\.m2\repository\io\cucumber\cucumber-java\7.17.0\cucumber-java-7.17.0.jar;C:\Users\admin\.m2\repository\io\cucumber\cucumber-junit\7.17.0\cucumber-junit-7.17.0.jar;C:\Users\admin\.m2\repository\junit\junit\4.13.2\junit-4.13.2.jar;C:\Users\admin\.m2\repository\org\hamcrest\hamcrest-core\1.3\hamcrest-core-1.3.jar;C:\Users\admin\.m2\repository\io\cucumber\cucumber-html\0.2.7\cucumber-html-0.2.7.jar;C:\Users\admin\.m2\repository\io\cucumber\cucumber-jvm-deps\1.0.6\cucumber-jvm-deps-1.0.6.jar;C:\Users\admin\.m2\repository\net\masterthought\cucumber-reporting\5.8.0\cucumber-reporting-5.8.0.jar;C:\Users\admin\.m2\repository\com\fasterxml\jackson\core\jackson-databind\2.16.1\jackson-databind-2.16.1.jar;C:\Users\admin\.m2\repository\com\fasterxml\jackson\core\jackson-annotations\2.16.1\jackson-annotations-2.16.1.jar;C:\Users\admin\.m2\repository\com\fasterxml\jackson\core\jackson-core\2.16.1\jackson-core-2.16.1.jar;C:\Users\admin\.m2\repository\com\fasterxml\jackson\datatype\jackson-datatype-jsr310\2.16.1\jackson-datatype-jsr310-2.16.1.jar;C:\Users\admin\.m2\repository\org\apache\velocity\velocity-engine-core\2.3\velocity-engine-core-2.3.jar;C:\Users\admin\.m2\repository\joda-time\joda-time\2.12.6\joda-time-2.12.6.jar;C:\Users\admin\.m2\repository\org\apache\commons\commons-configuration2\2.9.0\commons-configuration2-2.9.0.jar;C:\Users\admin\.m2\repository\org\apache\commons\commons-lang3\3.14.0\commons-lang3-3.14.0.jar;C:\Users\admin\.m2\repository\commons-io\commons-io\2.15.1\commons-io-2.15.1.jar;C:\Users\admin\.m2\repository\org\apache\commons\commons-text\1.11.0\commons-text-1.11.0.jar;C:\Users\admin\.m2\repository\org\jsoup\jsoup\1.17.2\jsoup-1.17.2.jar;C:\Users\admin\.m2\repository\com\googlecode\owasp-java-html-sanitizer\owasp-java-html-sanitizer\20220608.1\owasp-java-html-sanitizer-20220608.1.jar;C:\Users\admin\.m2\repository\com\google\guava\guava\33.0.0-jre\guava-33.0.0-jre.jar;C:\Users\admin\.m2\repository\com\google\guava\failureaccess\1.0.2\failureaccess-1.0.2.jar;C:\Users\admin\.m2\repository\com\google\guava\listenablefuture\9999.0-empty-to-avoid-conflict-with-guava\listenablefuture-9999.0-empty-to-avoid-conflict-with-guava.jar;C:\Users\admin\.m2\repository\com\google\code\findbugs\jsr305\3.0.2\jsr305-3.0.2.jar;C:\Users\admin\.m2\repository\org\checkerframework\checker-qual\3.41.0\checker-qual-3.41.0.jar;C:\Users\admin\.m2\repository\com\google\errorprone\error_prone_annotations\2.23.0\error_prone_annotations-2.23.0.jar;C:\Users\admin\.m2\repository\com\google\j2objc\j2objc-annotations\2.8\j2objc-annotations-2.8.jar;C:\Users\admin\.m2\repository\org\slf4j\jcl-over-slf4j\2.0.11\jcl-over-slf4j-2.0.11.jar;C:\Users\admin\.m2\repository\org\seleniumhq\selenium\selenium-java\4.22.0\selenium-java-4.22.0.jar;C:\Users\admin\.m2\repository\org\seleniumhq\selenium\selenium-api\4.22.0\selenium-api-4.22.0.jar;C:\Users\admin\.m2\repository\org\seleniumhq\selenium\selenium-chrome-driver\4.22.0\selenium-chrome-driver-4.22.0.jar;C:\Users\admin\.m2\repository\com\google\auto\service\auto-service-annotations\1.1.1\auto-service-annotations-1.1.1.jar;C:\Users\admin\.m2\repository\org\seleniumhq\selenium\selenium-chromium-driver\4.22.0\selenium-chromium-driver-4.22.0.jar;C:\Users\admin\.m2\repository\org\seleniumhq\selenium\selenium-json\4.22.0\selenium-json-4.22.0.jar;C:\Users\admin\.m2\repository\org\seleniumhq\selenium\selenium-manager\4.22.0\selenium-manager-4.22.0.jar;C:\Users\admin\.m2\repository\org\seleniumhq\selenium\selenium-devtools-v124\4.22.0\selenium-devtools-v124-4.22.0.jar;C:\Users\admin\.m2\repository\org\seleniumhq\selenium\selenium-devtools-v125\4.22.0\selenium-devtools-v125-4.22.0.jar;C:\Users\admin\.m2\repository\org\seleniumhq\selenium\selenium-devtools-v126\4.22.0\selenium-devtools-v126-4.22.0.jar;C:\Users\admin\.m2\repository\org\seleniumhq\selenium\selenium-devtools-v85\4.22.0\selenium-devtools-v85-4.22.0.jar;C:\Users\admin\.m2\repository\org\seleniumhq\selenium\selenium-edge-driver\4.22.0\selenium-edge-driver-4.22.0.jar;C:\Users\admin\.m2\repository\org\seleniumhq\selenium\selenium-firefox-driver\4.22.0\selenium-firefox-driver-4.22.0.jar;C:\Users\admin\.m2\repository\org\seleniumhq\selenium\selenium-http\4.22.0\selenium-http-4.22.0.jar;C:\Users\admin\.m2\repository\dev\failsafe\failsafe\3.3.2\failsafe-3.3.2.jar;C:\Users\admin\.m2\repository\org\seleniumhq\selenium\selenium-ie-driver\4.22.0\selenium-ie-driver-4.22.0.jar;C:\Users\admin\.m2\repository\org\seleniumhq\selenium\selenium-remote-driver\4.22.0\selenium-remote-driver-4.22.0.jar;C:\Users\admin\.m2\repository\io\opentelemetry\semconv\opentelemetry-semconv\1.25.0-alpha\opentelemetry-semconv-1.25.0-alpha.jar;C:\Users\admin\.m2\repository\io\opentelemetry\opentelemetry-api\1.39.0\opentelemetry-api-1.39.0.jar;C:\Users\admin\.m2\repository\io\opentelemetry\opentelemetry-context\1.39.0\opentelemetry-context-1.39.0.jar;C:\Users\admin\.m2\repository\io\opentelemetry\opentelemetry-exporter-logging\1.39.0\opentelemetry-exporter-logging-1.39.0.jar;C:\Users\admin\.m2\repository\io\opentelemetry\opentelemetry-sdk-common\1.39.0\opentelemetry-sdk-common-1.39.0.jar;C:\Users\admin\.m2\repository\io\opentelemetry\opentelemetry-sdk-extension-autoconfigure-spi\1.39.0\opentelemetry-sdk-extension-autoconfigure-spi-1.39.0.jar;C:\Users\admin\.m2\repository\io\opentelemetry\opentelemetry-sdk-extension-autoconfigure\1.39.0\opentelemetry-sdk-extension-autoconfigure-1.39.0.jar;C:\Users\admin\.m2\repository\io\opentelemetry\opentelemetry-api-incubator\1.39.0-alpha\opentelemetry-api-incubator-1.39.0-alpha.jar;C:\Users\admin\.m2\repository\io\opentelemetry\opentelemetry-sdk-trace\1.39.0\opentelemetry-sdk-trace-1.39.0.jar;C:\Users\admin\.m2\repository\io\opentelemetry\opentelemetry-sdk\1.39.0\opentelemetry-sdk-1.39.0.jar;C:\Users\admin\.m2\repository\io\opentelemetry\opentelemetry-sdk-metrics\1.39.0\opentelemetry-sdk-metrics-1.39.0.jar;C:\Users\admin\.m2\repository\io\opentelemetry\opentelemetry-sdk-logs\1.39.0\opentelemetry-sdk-logs-1.39.0.jar;C:\Users\admin\.m2\repository\net\bytebuddy\byte-buddy\1.14.17\byte-buddy-1.14.17.jar;C:\Users\admin\.m2\repository\org\seleniumhq\selenium\selenium-os\4.22.0\selenium-os-4.22.0.jar;C:\Users\admin\.m2\repository\org\apache\commons\commons-exec\1.4.0\commons-exec-1.4.0.jar;C:\Users\admin\.m2\repository\org\seleniumhq\selenium\selenium-safari-driver\4.22.0\selenium-safari-driver-4.22.0.jar;C:\Users\admin\.m2\repository\org\seleniumhq\selenium\selenium-support\4.22.0\selenium-support-4.22.0.jar;C:\Users\admin\.m2\repository\tech\grasshopper\extentreports-cucumber7-adapter\1.14.0\extentreports-cucumber7-adapter-1.14.0.jar;C:\Users\admin\.m2\repository\com\aventstack\extentreports\5.1.0\extentreports-5.1.0.jar;C:\Users\admin\.m2\repository\io\reactivex\rxjava3\rxjava\3.1.6\rxjava-3.1.6.jar;C:\Users\admin\.m2\repository\org\reactivestreams\reactive-streams\1.0.4\reactive-streams-1.0.4.jar;C:\Users\admin\.m2\repository\org\freemarker\freemarker\2.3.32\freemarker-2.3.32.jar;C:\Users\admin\.m2\repository\org\projectlombok\lombok\1.18.26\lombok-1.18.26.jar;C:\Users\admin\.m2\repository\com\google\code\gson\gson\2.10.1\gson-2.10.1.jar;C:\Users\admin\.m2\repository\tech\grasshopper\extent-pdf-report\2.12.0\extent-pdf-report-2.12.0.jar;C:\Users\admin\.m2\repository\tech\grasshopper\cucumber-pdf-report\2.14.0\cucumber-pdf-report-2.14.0.jar;C:\Users\admin\.m2\repository\org\apache\pdfbox\pdfbox\2.0.26\pdfbox-2.0.26.jar;C:\Users\admin\.m2\repository\org\apache\pdfbox\fontbox\2.0.26\fontbox-2.0.26.jar;C:\Users\admin\.m2\repository\org\knowm\xchart\xchart\3.8.0\xchart-3.8.0.jar;C:\Users\admin\.m2\repository\de\erichseifert\vectorgraphics2d\VectorGraphics2D\0.13\VectorGraphics2D-0.13.jar;C:\Users\admin\.m2\repository\de\rototor\pdfbox\graphics2d\0.30\graphics2d-0.30.jar;C:\Users\admin\.m2\repository\com\madgag\animated-gif-lib\1.4\animated-gif-lib-1.4.jar;C:\Users\admin\.m2\repository\org\yaml\snakeyaml\2.0\snakeyaml-2.0.jar;C:\Users\admin\.m2\repository\tech\grasshopper\table-layout\1.5.1\table-layout-1.5.1.jar;C:\Users\admin\.m2\repository\tech\grasshopper\rest-assured-cucumber-pdf-report\1.5.0\rest-assured-cucumber-pdf-report-1.5.0.jar;C:\Users\admin\.m2\repository\com\aventstack\klov-reporter\5.1.0\klov-reporter-5.1.0.jar;C:\Users\admin\.m2\repository\org\mongodb\mongodb-driver\3.6.4\mongodb-driver-3.6.4.jar;C:\Users\admin\.m2\repository\org\mongodb\mongodb-driver-core\3.6.4\mongodb-driver-core-3.6.4.jar;C:\Users\admin\.m2\repository\org\mongodb\bson\3.6.4\bson-3.6.4.jar;C:\Users\admin\.m2\repository\org\apache\httpcomponents\httpclient\4.5.13\httpclient-4.5.13.jar;C:\Users\admin\.m2\repository\org\apache\httpcomponents\httpcore\4.4.13\httpcore-4.4.13.jar;C:\Users\admin\.m2\repository\commons-logging\commons-logging\1.2\commons-logging-1.2.jar;C:\Users\admin\.m2\repository\commons-codec\commons-codec\1.11\commons-codec-1.11.jar;C:\Users\admin\.m2\repository\org\apache\httpcomponents\httpmime\4.5.13\httpmime-4.5.13.jar;C:\Users\admin\.m2\repository\tech\grasshopper\htmlextentreporter\1.1.0\htmlextentreporter-1.1.0.jar;C:\Users\admin\.m2\repository\tech\grasshopper\extent-excel-report\1.4.0\extent-excel-report-1.4.0.jar;C:\Users\admin\.m2\repository\org\apache\poi\poi\5.2.3\poi-5.2.3.jar;C:\Users\admin\.m2\repository\org\apache\commons\commons-collections4\4.4\commons-collections4-4.4.jar;C:\Users\admin\.m2\repository\org\apache\commons\commons-math3\3.6.1\commons-math3-3.6.1.jar;C:\Users\admin\.m2\repository\com\zaxxer\SparseBitSet\1.2\SparseBitSet-1.2.jar;C:\Users\admin\.m2\repository\org\apache\poi\poi-ooxml\5.2.3\poi-ooxml-5.2.3.jar;C:\Users\admin\.m2\repository\org\apache\poi\poi-ooxml-lite\5.2.3\poi-ooxml-lite-5.2.3.jar;C:\Users\admin\.m2\repository\org\apache\xmlbeans\xmlbeans\5.1.1\xmlbeans-5.1.1.jar;C:\Users\admin\.m2\repository\org\apache\commons\commons-compress\1.21\commons-compress-1.21.jar;C:\Users\admin\.m2\repository\com\github\virtuald\curvesapi\1.07\curvesapi-1.07.jar;C:\Users\admin\.m2\repository\org\apache\logging\log4j\log4j-core\2.23.1\log4j-core-2.23.1.jar;C:\Users\admin\.m2\repository\org\apache\logging\log4j\log4j-api\2.23.1\log4j-api-2.23.1.jar;C:\Users\admin\.m2\repository\org\slf4j\slf4j-api\2.0.13\slf4j-api-2.0.13.jar;C:\Users\admin\.m2\repository\org\slf4j\slf4j-jdk14\2.0.13\slf4j-jdk14-2.0.13.jar;"/>
    <property name="sun.cpu.endian" value="little"/>
    <property name="user.home" value="C:\Users\admin"/>
    <property name="user.language" value="en"/>
    <property name="java.specification.vendor" value="Oracle Corporation"/>
    <property name="java.version.date" value="2024-04-16"/>
    <property name="java.home" value="C:\Program Files\Java\jdk-22"/>
    <property name="file.separator" value="\"/>
    <property name="basedir" value="D:\d\eclipse-workspace\DemoStoreJunit"/>
    <property name="style.color" value="always"/>
    <property name="java.vm.compressedOopsMode" value="32-bit"/>
    <property name="line.separator" value="&#10;"/>
    <property name="java.vm.specification.vendor" value="Oracle Corporation"/>
    <property name="java.specification.name" value="Java Platform API Specification"/>
    <property name="surefire.real.class.path" value="C:\Users\admin\AppData\Local\Temp\surefire9470798301451671138\surefirebooter-20240804190642967_3.jar"/>
    <property name="user.script" value=""/>
    <property name="sun.management.compiler" value="HotSpot 64-Bit Tiered Compilers"/>
    <property name="java.runtime.version" value="22.0.1+8-16"/>
    <property name="user.name" value="admin"/>
    <property name="stdout.encoding" value="UTF-8"/>
    <property name="path.separator" value=";"/>
    <property name="os.version" value="10.0"/>
    <property name="java.runtime.name" value="Java(TM) SE Runtime Environment"/>
    <property name="file.encoding" value="UTF-8"/>
    <property name="java.vm.name" value="Java HotSpot(TM) 64-Bit Server VM"/>
    <property name="localRepository" value="C:\Users\admin\.m2\repository"/>
    <property name="java.vendor.url.bug" value="https://bugreport.java.com/bugreport/"/>
    <property name="java.io.tmpdir" value="C:\Users\admin\AppData\Local\Temp\"/>
    <property name="java.version" value="22.0.1"/>
    <property name="user.dir" value="D:\d\eclipse-workspace\DemoStoreJunit"/>
    <property name="os.arch" value="amd64"/>
    <property name="java.vm.specification.name" value="Java Virtual Machine Specification"/>
    <property name="sun.os.patch.level" value=""/>
    <property name="native.encoding" value="UTF-8"/>
    <property name="java.library.path" value="C:\Program Files\Java\jdk-22\bin;C:\WINDOWS\Sun\Java\bin;C:\WINDOWS\system32;C:\WINDOWS;C:\Program Files\Common Files\Oracle\Java\javapath;C:\WINDOWS\system32;C:\WINDOWS;C:\WINDOWS\System32\Wbem;C:\WINDOWS\System32\WindowsPowerShell\v1.0\;C:\WINDOWS\System32\OpenSSH\;C:\Program Files\Git\cmd;C:\Program Files\GitHub CLI\;C:\Program Files\HP\HP One Agent;C:\Users\admin\AppData\Local\Microsoft\WindowsApps;;."/>
    <property name="java.vm.info" value="mixed mode, sharing"/>
    <property name="stderr.encoding" value="UTF-8"/>
    <property name="java.vendor" value="Oracle Corporation"/>
    <property name="java.vm.version" value="22.0.1+8-16"/>
    <property name="sun.io.unicode.encoding" value="UnicodeLittle"/>
    <property name="java.class.version" value="66.0"/>
  </properties>
  <testcase name="User buys a product" classname="User buys a product in demo store application" time="62.539">
    <system-out><![CDATA[
@all @product @smoke @regression
Scenario: User buys a product                                                    &amp#27;[90m# src/test/resources/features/buyProduct.feature:9&amp#27;[0m
[INFO ] 2024-08-04 19:06:51.511 [main] DemoStoreJunit - Scenario execution started
[INFO ] 2024-08-04 19:07:03.663 [main] DemoStoreJunit - Opens the application
[INFO ] 2024-08-04 19:07:06.797 [main] DemoStoreJunit - https://magento.softwaretestingboard.com/customer/account/login/referer/aHR0cHM6Ly9tYWdlbnRvLnNvZnR3YXJldGVzdGluZ2JvYXJkLmNvbS8%2C/
[TRACE] 2024-08-04 19:07:06.797 [main] DemoStoreJunit - Navigated to login page
[INFO ] 2024-08-04 19:07:09.387 [main] DemoStoreJunit - Successfull login
[TRACE] 2024-08-04 19:07:10.694 [main] DemoStoreJunit - Welcome Message: Welcome, John Drew!
  &amp#27;[32mWhen &amp#27;[0m&amp#27;[32muser login to the application with &amp#27;[0m&amp#27;[32m&amp#27;[1m"johndrew@gmail.com"&amp#27;[0m&amp#27;[32m and &amp#27;[0m&amp#27;[32m&amp#27;[1m"Password123"&amp#27;[0m &amp#27;[90m# org.demoStore.stepDefinitions.SearchProductStepDef.user_enters_product_name(java.lang.String,java.lang.String)&amp#27;[0m

    Embedding User buys a product [image/png 1866988 bytes]

[INFO ] 2024-08-04 19:07:11.693 [main] DemoStoreJunit - Captured screenshot for step: User buys a product
[TRACE] 2024-08-04 19:07:11.711 [main] DemoStoreJunit - Redirected to home page
  &amp#27;[32mAnd &amp#27;[0m&amp#27;[32muser was navigated back to home page&amp#27;[0m                                       &amp#27;[90m# org.demoStore.stepDefinitions.LoginStepDef.user_was_navigated_back_to_home_page()&amp#27;[0m

    Embedding User buys a product [image/png 1866988 bytes]

[INFO ] 2024-08-04 19:07:12.577 [main] DemoStoreJunit - Captured screenshot for step: User buys a product
[TRACE] 2024-08-04 19:07:14.596 [main] DemoStoreJunit - product name entered in search box: Selene Yoga Hoodie
Selene Yoga Hoodie
[TRACE] 2024-08-04 19:07:16.130 [main] DemoStoreJunit - Searched product found: Selene Yoga Hoodie
  &amp#27;[32mWhen &amp#27;[0m&amp#27;[32muser search and find product &amp#27;[0m&amp#27;[32m&amp#27;[1m"Selene Yoga Hoodie"&amp#27;[0m                         &amp#27;[90m# org.demoStore.stepDefinitions.BuyProductStepDef.user_search_and_find_product(java.lang.String)&amp#27;[0m

    Embedding User buys a product [image/png 868420 bytes]

[INFO ] 2024-08-04 19:07:16.685 [main] DemoStoreJunit - Captured screenshot for step: User buys a product
[TRACE] 2024-08-04 19:07:16.877 [main] DemoStoreJunit - Selected color and Size
  &amp#27;[32mAnd &amp#27;[0m&amp#27;[32muser selects color and size&amp#27;[0m                                                &amp#27;[90m# org.demoStore.stepDefinitions.BuyProductStepDef.user_selects_color_and_size()&amp#27;[0m

    Embedding User buys a product [image/png 866602 bytes]

[INFO ] 2024-08-04 19:07:17.418 [main] DemoStoreJunit - Captured screenshot for step: User buys a product
[TRACE] 2024-08-04 19:07:17.573 [main] DemoStoreJunit - Clicked add to cart
[TRACE] 2024-08-04 19:07:19.717 [main] DemoStoreJunit - Alert and cart count status is updated
[TRACE] 2024-08-04 19:07:19.781 [main] DemoStoreJunit - Cart button clicked to proceed checkout
  &amp#27;[32mAnd &amp#27;[0m&amp#27;[32muser adds product to cart&amp#27;[0m                                                  &amp#27;[90m# org.demoStore.stepDefinitions.BuyProductStepDef.user_adds_product_to_cart()&amp#27;[0m

    Embedding User buys a product [image/png 725818 bytes]

[INFO ] 2024-08-04 19:07:23.724 [main] DemoStoreJunit - Captured screenshot for step: User buys a product
[TRACE] 2024-08-04 19:07:25.401 [main] DemoStoreJunit - Checkout button is clicked
[INFO ] 2024-08-04 19:07:25.471 [main] DemoStoreJunit - https://magento.softwaretestingboard.com/checkout/
[INFO ] 2024-08-04 19:07:25.680 [main] DemoStoreJunit - https://magento.softwaretestingboard.com/checkout/
  &amp#27;[32mThen &amp#27;[0m&amp#27;[32muser clicks checkout button&amp#27;[0m                                               &amp#27;[90m# org.demoStore.stepDefinitions.BuyProductStepDef.user_clicks_checkout_button()&amp#27;[0m

    Embedding User buys a product [image/png 37685 bytes]

[INFO ] 2024-08-04 19:07:25.970 [main] DemoStoreJunit - Captured screenshot for step: User buys a product
[TRACE] 2024-08-04 19:07:32.396 [main] DemoStoreJunit - Checked prdouct details and billing address
[INFO ] 2024-08-04 19:07:32.421 [main] DemoStoreJunit - https://magento.softwaretestingboard.com/checkout/#shipping
[TRACE] 2024-08-04 19:07:34.725 [main] DemoStoreJunit - Selected billing address
  &amp#27;[32mAnd &amp#27;[0m&amp#27;[32muser verifies address and order details&amp#27;[0m                                    &amp#27;[90m# org.demoStore.stepDefinitions.BuyProductStepDef.user_verifies_address_and_order_details()&amp#27;[0m

    Embedding User buys a product [image/png 119573 bytes]

[INFO ] 2024-08-04 19:07:35.093 [main] DemoStoreJunit - Captured screenshot for step: User buys a product
[TRACE] 2024-08-04 19:07:37.335 [main] DemoStoreJunit - Clicked place order button
[INFO ] 2024-08-04 19:07:37.335 [main] DemoStoreJunit - https://magento.softwaretestingboard.com/checkout/#payment
[INFO ] 2024-08-04 19:07:37.351 [main] DemoStoreJunit - https://magento.softwaretestingboard.com/checkout/#payment
  &amp#27;[32mAnd &amp#27;[0m&amp#27;[32muser clicks place order button&amp#27;[0m                                             &amp#27;[90m# org.demoStore.stepDefinitions.BuyProductStepDef.user_clicks_place_order_button()&amp#27;[0m

    Embedding User buys a product [image/png 130819 bytes]

[INFO ] 2024-08-04 19:07:37.682 [main] DemoStoreJunit - Captured screenshot for step: User buys a product
[TRACE] 2024-08-04 19:07:41.194 [main] DemoStoreJunit - order number is: 000013220
[TRACE] 2024-08-04 19:07:42.868 [main] DemoStoreJunit - Clicked order number link
[INFO ] 2024-08-04 19:07:43.043 [main] DemoStoreJunit - https://magento.softwaretestingboard.com/sales/order/view/order_id/13215/
[TRACE] 2024-08-04 19:07:43.161 [main] DemoStoreJunit - Checked order details
  &amp#27;[32mThen &amp#27;[0m&amp#27;[32muser checks order receipt &amp#27;[0m&amp#27;[32m&amp#27;[1m"Selene Yoga Hoodie"&amp#27;[0m                            &amp#27;[90m# org.demoStore.stepDefinitions.BuyProductStepDef.user_checks_order_receipt(java.lang.String)&amp#27;[0m

    Embedding User buys a product [image/png 190529 bytes]

[INFO ] 2024-08-04 19:07:43.526 [main] DemoStoreJunit - Captured screenshot for step: User buys a product
[TRACE] 2024-08-04 19:07:45.096 [main] DemoStoreJunit - Clicked logout button
[INFO ] 2024-08-04 19:07:45.105 [main] DemoStoreJunit - https://magento.softwaretestingboard.com/customer/account/logoutSuccess/
[TRACE] 2024-08-04 19:07:45.121 [main] DemoStoreJunit - logout successful
  &amp#27;[32mAnd &amp#27;[0m&amp#27;[32muser signs out of the application&amp#27;[0m                                          &amp#27;[90m# org.demoStore.stepDefinitions.BuyProductStepDef.user_signs_out_of_the_application()&amp#27;[0m

    Embedding User buys a product [image/png 79547 bytes]

[INFO ] 2024-08-04 19:07:45.545 [main] DemoStoreJunit - Captured screenshot for step: User buys a product
[INFO ] 2024-08-04 19:07:45.551 [main] DemoStoreJunit - Scenario execution over
]]></system-out>
    <system-err><![CDATA[Aug 04, 2024 7:06:51 PM org.openqa.selenium.devtools.CdpVersionFinder findNearestMatch
WARNING: Unable to find an exact match for CDP version 127, returning the closest version; found: 126; Please update to a Selenium version that supports CDP version 127
]]></system-err>
  </testcase>
  <testcase name="User logins with valid credentials" classname="User login to demo store application" time="35.734">
    <system-out><![CDATA[
@all @login @validCredentials @smoke @regression
Scenario: User logins with valid credentials &amp#27;[90m# src/test/resources/features/login.feature:10&amp#27;[0m
[INFO ] 2024-08-04 19:07:55.336 [main] DemoStoreJunit - Scenario execution started
[INFO ] 2024-08-04 19:08:07.901 [main] DemoStoreJunit - Opens the application
[TRACE] 2024-08-04 19:08:09.218 [main] DemoStoreJunit - Login URL: https://magento.softwaretestingboard.com/customer/account/login/referer/aHR0cHM6Ly9tYWdlbnRvLnNvZnR3YXJldGVzdGluZ2JvYXJkLmNvbS8%2C/
[TRACE] 2024-08-04 19:08:09.218 [main] DemoStoreJunit - Navigated to login page
  &amp#27;[32mGiven &amp#27;[0m&amp#27;[32muser navigates to login page&amp#27;[0m         &amp#27;[90m# org.demoStore.stepDefinitions.LoginStepDef.user_navigates_to_login_page()&amp#27;[0m

    Embedding User logins with valid credentials [image/png 101897 bytes]

[INFO ] 2024-08-04 19:08:09.959 [main] DemoStoreJunit - Captured screenshot for step: User logins with valid credentials
[TRACE] 2024-08-04 19:08:10.095 [main] DemoStoreJunit - Email entered: johnDrew@test.com
  &amp#27;[32mWhen &amp#27;[0m&amp#27;[32muser enters email &amp#27;[0m&amp#27;[32m&amp#27;[1m"johnDrew@test.com"&amp#27;[0m &amp#27;[90m# org.demoStore.stepDefinitions.LoginStepDef.user_enters_email(java.lang.String)&amp#27;[0m

    Embedding User logins with valid credentials [image/png 116658 bytes]

[INFO ] 2024-08-04 19:08:16.272 [main] DemoStoreJunit - Captured screenshot for step: User logins with valid credentials
[TRACE] 2024-08-04 19:08:16.391 [main] DemoStoreJunit - Password entered: Password123
  &amp#27;[32mAnd &amp#27;[0m&amp#27;[32muser enters password &amp#27;[0m&amp#27;[32m&amp#27;[1m"Password123"&amp#27;[0m     &amp#27;[90m# org.demoStore.stepDefinitions.LoginStepDef.user_enters_password(java.lang.String)&amp#27;[0m

    Embedding User logins with valid credentials [image/png 108671 bytes]

[INFO ] 2024-08-04 19:08:16.712 [main] DemoStoreJunit - Captured screenshot for step: User logins with valid credentials
[TRACE] 2024-08-04 19:08:18.822 [main] DemoStoreJunit - Clicked login button
  &amp#27;[32mAnd &amp#27;[0m&amp#27;[32muser clicks login button&amp#27;[0m               &amp#27;[90m# org.demoStore.stepDefinitions.LoginStepDef.user_clicks_login_button()&amp#27;[0m

    Embedding User logins with valid credentials [image/png 1866893 bytes]

[INFO ] 2024-08-04 19:08:21.280 [main] DemoStoreJunit - Captured screenshot for step: User logins with valid credentials
[TRACE] 2024-08-04 19:08:21.280 [main] DemoStoreJunit - Redirected to home page
  &amp#27;[32mThen &amp#27;[0m&amp#27;[32muser was navigated back to home page&amp#27;[0m  &amp#27;[90m# org.demoStore.stepDefinitions.LoginStepDef.user_was_navigated_back_to_home_page()&amp#27;[0m

    Embedding User logins with valid credentials [image/png 1866917 bytes]

[INFO ] 2024-08-04 19:08:22.101 [main] DemoStoreJunit - Captured screenshot for step: User logins with valid credentials
[TRACE] 2024-08-04 19:08:22.173 [main] DemoStoreJunit - Logged in Username: John Drew
  &amp#27;[32mAnd &amp#27;[0m&amp#27;[32muser name is visible &amp#27;[0m&amp#27;[32m&amp#27;[1m"John Drew"&amp#27;[0m       &amp#27;[90m# org.demoStore.stepDefinitions.LoginStepDef.user_name_is_visible(java.lang.String)&amp#27;[0m

    Embedding User logins with valid credentials [image/png 1866988 bytes]

[INFO ] 2024-08-04 19:08:23.031 [main] DemoStoreJunit - Captured screenshot for step: User logins with valid credentials
[INFO ] 2024-08-04 19:08:23.031 [main] DemoStoreJunit - Scenario execution over
]]></system-out>
    <system-err><![CDATA[Aug 04, 2024 7:07:55 PM org.openqa.selenium.devtools.CdpVersionFinder findNearestMatch
WARNING: Unable to find an exact match for CDP version 127, returning the closest version; found: 126; Please update to a Selenium version that supports CDP version 127
]]></system-err>
  </testcase>
  <testcase name="User logins with invalid credentials #1" classname="User login to demo store application" time="29.958">
    <system-out><![CDATA[
@all @login @invalidCredentials
Scenario Outline: User logins with invalid credentials &amp#27;[90m# src/test/resources/features/login.feature:26&amp#27;[0m
[INFO ] 2024-08-04 19:08:28.627 [main] DemoStoreJunit - Scenario execution started
[INFO ] 2024-08-04 19:08:41.156 [main] DemoStoreJunit - Opens the application
[TRACE] 2024-08-04 19:08:45.661 [main] DemoStoreJunit - Login URL: https://magento.softwaretestingboard.com/customer/account/login/referer/aHR0cHM6Ly9tYWdlbnRvLnNvZnR3YXJldGVzdGluZ2JvYXJkLmNvbS8%2C/
[TRACE] 2024-08-04 19:08:45.661 [main] DemoStoreJunit - Navigated to login page
  &amp#27;[32mGiven &amp#27;[0m&amp#27;[32muser navigates to login page&amp#27;[0m                   &amp#27;[90m# org.demoStore.stepDefinitions.LoginStepDef.user_navigates_to_login_page()&amp#27;[0m

    Embedding User logins with invalid credentials [image/png 104157 bytes]

[INFO ] 2024-08-04 19:08:47.515 [main] DemoStoreJunit - Captured screenshot for step: User logins with invalid credentials
[TRACE] 2024-08-04 19:08:47.628 [main] DemoStoreJunit - Email entered: feary@waq.com
  &amp#27;[32mWhen &amp#27;[0m&amp#27;[32muser enters email &amp#27;[0m&amp#27;[32m&amp#27;[1m"feary@waq.com"&amp#27;[0m               &amp#27;[90m# org.demoStore.stepDefinitions.LoginStepDef.user_enters_email(java.lang.String)&amp#27;[0m

    Embedding User logins with invalid credentials [image/png 116186 bytes]

[INFO ] 2024-08-04 19:08:49.224 [main] DemoStoreJunit - Captured screenshot for step: User logins with invalid credentials
[TRACE] 2024-08-04 19:08:49.326 [main] DemoStoreJunit - Password entered: Password123
  &amp#27;[32mAnd &amp#27;[0m&amp#27;[32muser enters password &amp#27;[0m&amp#27;[32m&amp#27;[1m"Password123"&amp#27;[0m               &amp#27;[90m# org.demoStore.stepDefinitions.LoginStepDef.user_enters_password(java.lang.String)&amp#27;[0m

    Embedding User logins with invalid credentials [image/png 108370 bytes]

[INFO ] 2024-08-04 19:08:49.621 [main] DemoStoreJunit - Captured screenshot for step: User logins with invalid credentials
[TRACE] 2024-08-04 19:08:51.033 [main] DemoStoreJunit - Clicked login button
  &amp#27;[32mAnd &amp#27;[0m&amp#27;[32muser clicks login button&amp#27;[0m                         &amp#27;[90m# org.demoStore.stepDefinitions.LoginStepDef.user_clicks_login_button()&amp#27;[0m

    Embedding User logins with invalid credentials [image/png 114741 bytes]

[INFO ] 2024-08-04 19:08:52.546 [main] DemoStoreJunit - Captured screenshot for step: User logins with invalid credentials
[WARN ] 2024-08-04 19:08:52.614 [main] DemoStoreJunit - warning message not found
  &amp#27;[32mThen &amp#27;[0m&amp#27;[32muser should get proper warning message&amp#27;[0m          &amp#27;[90m# org.demoStore.stepDefinitions.LoginStepDef.user_should_get_proper_warning_message()&amp#27;[0m

    Embedding User logins with invalid credentials [image/png 114795 bytes]

[INFO ] 2024-08-04 19:08:52.920 [main] DemoStoreJunit - Captured screenshot for step: User logins with invalid credentials
[INFO ] 2024-08-04 19:08:52.920 [main] DemoStoreJunit - Scenario execution over
]]></system-out>
    <system-err><![CDATA[Aug 04, 2024 7:08:28 PM org.openqa.selenium.devtools.CdpVersionFinder findNearestMatch
WARNING: Unable to find an exact match for CDP version 127, returning the closest version; found: 126; Please update to a Selenium version that supports CDP version 127
]]></system-err>
  </testcase>
  <testcase name="User logins with invalid credentials #2" classname="User login to demo store application" time="25.67">
    <system-out><![CDATA[
@all @login @invalidCredentials
Scenario Outline: User logins with invalid credentials &amp#27;[90m# src/test/resources/features/login.feature:27&amp#27;[0m
[INFO ] 2024-08-04 19:08:56.606 [main] DemoStoreJunit - Scenario execution started
[INFO ] 2024-08-04 19:09:09.557 [main] DemoStoreJunit - Opens the application
[TRACE] 2024-08-04 19:09:12.919 [main] DemoStoreJunit - Login URL: https://magento.softwaretestingboard.com/customer/account/login/referer/aHR0cHM6Ly9tYWdlbnRvLnNvZnR3YXJldGVzdGluZ2JvYXJkLmNvbS8%2C/
[TRACE] 2024-08-04 19:09:12.920 [main] DemoStoreJunit - Navigated to login page
  &amp#27;[32mGiven &amp#27;[0m&amp#27;[32muser navigates to login page&amp#27;[0m                   &amp#27;[90m# org.demoStore.stepDefinitions.LoginStepDef.user_navigates_to_login_page()&amp#27;[0m

    Embedding User logins with invalid credentials [image/png 104157 bytes]

[INFO ] 2024-08-04 19:09:13.227 [main] DemoStoreJunit - Captured screenshot for step: User logins with invalid credentials
[TRACE] 2024-08-04 19:09:13.334 [main] DemoStoreJunit - Email entered: johnDrew@test.com
  &amp#27;[32mWhen &amp#27;[0m&amp#27;[32muser enters email &amp#27;[0m&amp#27;[32m&amp#27;[1m"johnDrew@test.com"&amp#27;[0m           &amp#27;[90m# org.demoStore.stepDefinitions.LoginStepDef.user_enters_email(java.lang.String)&amp#27;[0m

    Embedding User logins with invalid credentials [image/png 116658 bytes]

[INFO ] 2024-08-04 19:09:13.943 [main] DemoStoreJunit - Captured screenshot for step: User logins with invalid credentials
[TRACE] 2024-08-04 19:09:14.030 [main] DemoStoreJunit - Password entered: wpasswed
  &amp#27;[32mAnd &amp#27;[0m&amp#27;[32muser enters password &amp#27;[0m&amp#27;[32m&amp#27;[1m"wpasswed"&amp#27;[0m                  &amp#27;[90m# org.demoStore.stepDefinitions.LoginStepDef.user_enters_password(java.lang.String)&amp#27;[0m

    Embedding User logins with invalid credentials [image/png 108652 bytes]

[INFO ] 2024-08-04 19:09:14.313 [main] DemoStoreJunit - Captured screenshot for step: User logins with invalid credentials
[TRACE] 2024-08-04 19:09:15.888 [main] DemoStoreJunit - Clicked login button
  &amp#27;[32mAnd &amp#27;[0m&amp#27;[32muser clicks login button&amp#27;[0m                         &amp#27;[90m# org.demoStore.stepDefinitions.LoginStepDef.user_clicks_login_button()&amp#27;[0m

    Embedding User logins with invalid credentials [image/png 105099 bytes]

[INFO ] 2024-08-04 19:09:16.224 [main] DemoStoreJunit - Captured screenshot for step: User logins with invalid credentials
[WARN ] 2024-08-04 19:09:16.286 [main] DemoStoreJunit - warning message not found
  &amp#27;[32mThen &amp#27;[0m&amp#27;[32muser should get proper warning message&amp#27;[0m          &amp#27;[90m# org.demoStore.stepDefinitions.LoginStepDef.user_should_get_proper_warning_message()&amp#27;[0m

    Embedding User logins with invalid credentials [image/png 115208 bytes]

[INFO ] 2024-08-04 19:09:16.576 [main] DemoStoreJunit - Captured screenshot for step: User logins with invalid credentials
[INFO ] 2024-08-04 19:09:16.576 [main] DemoStoreJunit - Scenario execution over
]]></system-out>
    <system-err><![CDATA[Aug 04, 2024 7:08:56 PM org.openqa.selenium.devtools.CdpVersionFinder findNearestMatch
WARNING: Unable to find an exact match for CDP version 127, returning the closest version; found: 126; Please update to a Selenium version that supports CDP version 127
]]></system-err>
  </testcase>
  <testcase name="User logins with invalid credentials #3" classname="User login to demo store application" time="24.394">
    <system-out><![CDATA[
@all @login @invalidCredentials
Scenario Outline: User logins with invalid credentials &amp#27;[90m# src/test/resources/features/login.feature:28&amp#27;[0m
[INFO ] 2024-08-04 19:09:21.879 [main] DemoStoreJunit - Scenario execution started
[INFO ] 2024-08-04 19:09:32.343 [main] DemoStoreJunit - Opens the application
[TRACE] 2024-08-04 19:09:36.445 [main] DemoStoreJunit - Login URL: https://magento.softwaretestingboard.com/customer/account/login/referer/aHR0cHM6Ly9tYWdlbnRvLnNvZnR3YXJldGVzdGluZ2JvYXJkLmNvbS8%2C/
[TRACE] 2024-08-04 19:09:36.445 [main] DemoStoreJunit - Navigated to login page
  &amp#27;[32mGiven &amp#27;[0m&amp#27;[32muser navigates to login page&amp#27;[0m                   &amp#27;[90m# org.demoStore.stepDefinitions.LoginStepDef.user_navigates_to_login_page()&amp#27;[0m

    Embedding User logins with invalid credentials [image/png 104157 bytes]

[INFO ] 2024-08-04 19:09:36.750 [main] DemoStoreJunit - Captured screenshot for step: User logins with invalid credentials
[TRACE] 2024-08-04 19:09:36.858 [main] DemoStoreJunit - Email entered: johndrewos@test.com
  &amp#27;[32mWhen &amp#27;[0m&amp#27;[32muser enters email &amp#27;[0m&amp#27;[32m&amp#27;[1m"johndrewos@test.com"&amp#27;[0m         &amp#27;[90m# org.demoStore.stepDefinitions.LoginStepDef.user_enters_email(java.lang.String)&amp#27;[0m

    Embedding User logins with invalid credentials [image/png 116686 bytes]

[INFO ] 2024-08-04 19:09:38.029 [main] DemoStoreJunit - Captured screenshot for step: User logins with invalid credentials
[TRACE] 2024-08-04 19:09:38.118 [main] DemoStoreJunit - Password entered: wpasswed
  &amp#27;[32mAnd &amp#27;[0m&amp#27;[32muser enters password &amp#27;[0m&amp#27;[32m&amp#27;[1m"wpasswed"&amp#27;[0m                  &amp#27;[90m# org.demoStore.stepDefinitions.LoginStepDef.user_enters_password(java.lang.String)&amp#27;[0m

    Embedding User logins with invalid credentials [image/png 108793 bytes]

[INFO ] 2024-08-04 19:09:38.423 [main] DemoStoreJunit - Captured screenshot for step: User logins with invalid credentials
[TRACE] 2024-08-04 19:09:39.891 [main] DemoStoreJunit - Clicked login button
  &amp#27;[32mAnd &amp#27;[0m&amp#27;[32muser clicks login button&amp#27;[0m                         &amp#27;[90m# org.demoStore.stepDefinitions.LoginStepDef.user_clicks_login_button()&amp#27;[0m

    Embedding User logins with invalid credentials [image/png 115252 bytes]

[INFO ] 2024-08-04 19:09:40.335 [main] DemoStoreJunit - Captured screenshot for step: User logins with invalid credentials
[WARN ] 2024-08-04 19:09:40.404 [main] DemoStoreJunit - warning message not found
  &amp#27;[32mThen &amp#27;[0m&amp#27;[32muser should get proper warning message&amp#27;[0m          &amp#27;[90m# org.demoStore.stepDefinitions.LoginStepDef.user_should_get_proper_warning_message()&amp#27;[0m

    Embedding User logins with invalid credentials [image/png 115295 bytes]

[INFO ] 2024-08-04 19:09:40.735 [main] DemoStoreJunit - Captured screenshot for step: User logins with invalid credentials
[INFO ] 2024-08-04 19:09:40.735 [main] DemoStoreJunit - Scenario execution over
]]></system-out>
    <system-err><![CDATA[Aug 04, 2024 7:09:21 PM org.openqa.selenium.devtools.CdpVersionFinder findNearestMatch
WARNING: Unable to find an exact match for CDP version 127, returning the closest version; found: 126; Please update to a Selenium version that supports CDP version 127
]]></system-err>
  </testcase>
  <testcase name="User logins with invalid credentials #4" classname="User login to demo store application" time="24.294">
    <system-out><![CDATA[
@all @login @invalidCredentials
Scenario Outline: User logins with invalid credentials &amp#27;[90m# src/test/resources/features/login.feature:29&amp#27;[0m
[INFO ] 2024-08-04 19:09:47.307 [main] DemoStoreJunit - Scenario execution started
[INFO ] 2024-08-04 19:09:57.771 [main] DemoStoreJunit - Opens the application
[TRACE] 2024-08-04 19:10:01.768 [main] DemoStoreJunit - Login URL: https://magento.softwaretestingboard.com/customer/account/login/referer/aHR0cHM6Ly9tYWdlbnRvLnNvZnR3YXJldGVzdGluZ2JvYXJkLmNvbS8%2C/
[TRACE] 2024-08-04 19:10:01.768 [main] DemoStoreJunit - Navigated to login page
  &amp#27;[32mGiven &amp#27;[0m&amp#27;[32muser navigates to login page&amp#27;[0m                   &amp#27;[90m# org.demoStore.stepDefinitions.LoginStepDef.user_navigates_to_login_page()&amp#27;[0m

    Embedding User logins with invalid credentials [image/png 104157 bytes]

[INFO ] 2024-08-04 19:10:02.652 [main] DemoStoreJunit - Captured screenshot for step: User logins with invalid credentials
[TRACE] 2024-08-04 19:10:02.750 [main] DemoStoreJunit - Email entered: john_@@test.com
  &amp#27;[32mWhen &amp#27;[0m&amp#27;[32muser enters email &amp#27;[0m&amp#27;[32m&amp#27;[1m"john_@@test.com"&amp#27;[0m             &amp#27;[90m# org.demoStore.stepDefinitions.LoginStepDef.user_enters_email(java.lang.String)&amp#27;[0m

    Embedding User logins with invalid credentials [image/png 116468 bytes]

[INFO ] 2024-08-04 19:10:04.350 [main] DemoStoreJunit - Captured screenshot for step: User logins with invalid credentials
[TRACE] 2024-08-04 19:10:04.450 [main] DemoStoreJunit - Password entered: wpa@!swed
  &amp#27;[32mAnd &amp#27;[0m&amp#27;[32muser enters password &amp#27;[0m&amp#27;[32m&amp#27;[1m"wpa@!swed"&amp#27;[0m                 &amp#27;[90m# org.demoStore.stepDefinitions.LoginStepDef.user_enters_password(java.lang.String)&amp#27;[0m

    Embedding User logins with invalid credentials [image/png 108593 bytes]

[INFO ] 2024-08-04 19:10:04.766 [main] DemoStoreJunit - Captured screenshot for step: User logins with invalid credentials
[TRACE] 2024-08-04 19:10:04.863 [main] DemoStoreJunit - Clicked login button
  &amp#27;[32mAnd &amp#27;[0m&amp#27;[32muser clicks login button&amp#27;[0m                         &amp#27;[90m# org.demoStore.stepDefinitions.LoginStepDef.user_clicks_login_button()&amp#27;[0m

    Embedding User logins with invalid credentials [image/png 122380 bytes]

[INFO ] 2024-08-04 19:10:05.166 [main] DemoStoreJunit - Captured screenshot for step: User logins with invalid credentials
[TRACE] 2024-08-04 19:10:05.220 [main] DemoStoreJunit - Warning message recieved
  &amp#27;[32mThen &amp#27;[0m&amp#27;[32muser should get proper warning message&amp#27;[0m          &amp#27;[90m# org.demoStore.stepDefinitions.LoginStepDef.user_should_get_proper_warning_message()&amp#27;[0m

    Embedding User logins with invalid credentials [image/png 122414 bytes]

[INFO ] 2024-08-04 19:10:05.617 [main] DemoStoreJunit - Captured screenshot for step: User logins with invalid credentials
[INFO ] 2024-08-04 19:10:05.617 [main] DemoStoreJunit - Scenario execution over
]]></system-out>
    <system-err><![CDATA[Aug 04, 2024 7:09:47 PM org.openqa.selenium.devtools.CdpVersionFinder findNearestMatch
WARNING: Unable to find an exact match for CDP version 127, returning the closest version; found: 126; Please update to a Selenium version that supports CDP version 127
]]></system-err>
  </testcase>
  <testcase name="User logins with empty credentials" classname="User login to demo store application" time="25.004">
    <system-out><![CDATA[
@all @login @emptyCredentials @smoke @regression
Scenario: User logins with empty credentials                         &amp#27;[90m# src/test/resources/features/login.feature:32&amp#27;[0m
[INFO ] 2024-08-04 19:10:11.816 [main] DemoStoreJunit - Scenario execution started
[INFO ] 2024-08-04 19:10:22.575 [main] DemoStoreJunit - Opens the application
[TRACE] 2024-08-04 19:10:26.767 [main] DemoStoreJunit - Login URL: https://magento.softwaretestingboard.com/customer/account/login/referer/aHR0cHM6Ly9tYWdlbnRvLnNvZnR3YXJldGVzdGluZ2JvYXJkLmNvbS8%2C/
[TRACE] 2024-08-04 19:10:26.767 [main] DemoStoreJunit - Navigated to login page
  &amp#27;[32mGiven &amp#27;[0m&amp#27;[32muser navigates to login page&amp#27;[0m                                 &amp#27;[90m# org.demoStore.stepDefinitions.LoginStepDef.user_navigates_to_login_page()&amp#27;[0m

    Embedding User logins with empty credentials [image/png 104157 bytes]

[INFO ] 2024-08-04 19:10:27.763 [main] DemoStoreJunit - Captured screenshot for step: User logins with empty credentials
[TRACE] 2024-08-04 19:10:27.988 [main] DemoStoreJunit - Entered empty credentials
  &amp#27;[32mWhen &amp#27;[0m&amp#27;[32muser doesnot enters credentials&amp#27;[0m                               &amp#27;[90m# org.demoStore.stepDefinitions.LoginStepDef.user_doesnot_enters_credentials()&amp#27;[0m

    Embedding User logins with empty credentials [image/png 105667 bytes]

[INFO ] 2024-08-04 19:10:30.498 [main] DemoStoreJunit - Captured screenshot for step: User logins with empty credentials
[TRACE] 2024-08-04 19:10:30.657 [main] DemoStoreJunit - Clicked login button
  &amp#27;[32mAnd &amp#27;[0m&amp#27;[32muser clicks login button&amp#27;[0m                                       &amp#27;[90m# org.demoStore.stepDefinitions.LoginStepDef.user_clicks_login_button()&amp#27;[0m

    Embedding User logins with empty credentials [image/png 117715 bytes]

[INFO ] 2024-08-04 19:10:30.954 [main] DemoStoreJunit - Captured screenshot for step: User logins with empty credentials
[TRACE] 2024-08-04 19:10:31.005 [main] DemoStoreJunit - email warning message: This is a required field.
  &amp#27;[32mThen &amp#27;[0m&amp#27;[32muser gets email warning message &amp#27;[0m&amp#27;[32m&amp#27;[1m"This is a required field."&amp#27;[0m   &amp#27;[90m# org.demoStore.stepDefinitions.LoginStepDef.user_gets_email_warning_message(java.lang.String)&amp#27;[0m

    Embedding User logins with empty credentials [image/png 117757 bytes]

[INFO ] 2024-08-04 19:10:31.312 [main] DemoStoreJunit - Captured screenshot for step: User logins with empty credentials
[TRACE] 2024-08-04 19:10:31.354 [main] DemoStoreJunit - password warning message: This is a required field.
  &amp#27;[32mAnd &amp#27;[0m&amp#27;[32muser gets password warning message &amp#27;[0m&amp#27;[32m&amp#27;[1m"This is a required field."&amp#27;[0m &amp#27;[90m# org.demoStore.stepDefinitions.LoginStepDef.user_gets_password_warning_message(java.lang.String)&amp#27;[0m

    Embedding User logins with empty credentials [image/png 117771 bytes]

[INFO ] 2024-08-04 19:10:31.672 [main] DemoStoreJunit - Captured screenshot for step: User logins with empty credentials
[INFO ] 2024-08-04 19:10:31.672 [main] DemoStoreJunit - Scenario execution over
]]></system-out>
    <system-err><![CDATA[Aug 04, 2024 7:10:11 PM org.openqa.selenium.devtools.CdpVersionFinder findNearestMatch
WARNING: Unable to find an exact match for CDP version 127, returning the closest version; found: 126; Please update to a Selenium version that supports CDP version 127
]]></system-err>
  </testcase>
  <testcase name="User registers with all fields" classname="User creates an account in demo store application" time="36.355">
    <system-out><![CDATA[
@all @register @validRegister @smoke @regression
Scenario: User registers with all fields         &amp#27;[90m# src/test/resources/features/register.feature:8&amp#27;[0m
[INFO ] 2024-08-04 19:10:38.007 [main] DemoStoreJunit - Scenario execution started
[INFO ] 2024-08-04 19:10:50.120 [main] DemoStoreJunit - Opens the application
[TRACE] 2024-08-04 19:10:53.795 [main] DemoStoreJunit - Create account button clicked
[INFO ] 2024-08-04 19:10:53.803 [main] DemoStoreJunit - https://magento.softwaretestingboard.com/customer/account/create/
[TRACE] 2024-08-04 19:10:53.803 [main] DemoStoreJunit - Create account page opened
  &amp#27;[32mGiven &amp#27;[0m&amp#27;[32muser navigates to register page&amp#27;[0m          &amp#27;[90m# org.demoStore.stepDefinitions.RegsiterStepDef.user_navigates_to_register_page()&amp#27;[0m

    Embedding User registers with all fields [image/png 106955 bytes]

[INFO ] 2024-08-04 19:10:54.299 [main] DemoStoreJunit - Captured screenshot for step: User registers with all fields
[TRACE] 2024-08-04 19:10:54.423 [main] DemoStoreJunit - First name entered
  &amp#27;[32mWhen &amp#27;[0m&amp#27;[32muser enters firstname &amp#27;[0m&amp#27;[32m&amp#27;[1m"John"&amp#27;[0m              &amp#27;[90m# org.demoStore.stepDefinitions.RegsiterStepDef.user_enters_firstname(java.lang.String)&amp#27;[0m

    Embedding User registers with all fields [image/png 108382 bytes]

[INFO ] 2024-08-04 19:10:56.046 [main] DemoStoreJunit - Captured screenshot for step: User registers with all fields
[TRACE] 2024-08-04 19:10:56.116 [main] DemoStoreJunit - Last name entered
  &amp#27;[32mAnd &amp#27;[0m&amp#27;[32muser enters lastname &amp#27;[0m&amp#27;[32m&amp#27;[1m"Drew"&amp#27;[0m                &amp#27;[90m# org.demoStore.stepDefinitions.RegsiterStepDef.user_enters_lastname(java.lang.String)&amp#27;[0m

    Embedding User registers with all fields [image/png 109328 bytes]

[INFO ] 2024-08-04 19:10:56.464 [main] DemoStoreJunit - Captured screenshot for step: User registers with all fields
[TRACE] 2024-08-04 19:10:56.574 [main] DemoStoreJunit - Random email entered
  &amp#27;[32mAnd &amp#27;[0m&amp#27;[32muser enters new random email&amp#27;[0m               &amp#27;[90m# org.demoStore.stepDefinitions.RegsiterStepDef.user_enters_new_random_email()&amp#27;[0m

    Embedding User registers with all fields [image/png 112546 bytes]

[INFO ] 2024-08-04 19:10:56.898 [main] DemoStoreJunit - Captured screenshot for step: User registers with all fields
[TRACE] 2024-08-04 19:10:57.029 [main] DemoStoreJunit - Password entered
  &amp#27;[32mAnd &amp#27;[0m&amp#27;[32muser enters new password &amp#27;[0m&amp#27;[32m&amp#27;[1m"Password123"&amp#27;[0m     &amp#27;[90m# org.demoStore.stepDefinitions.RegsiterStepDef.user_enters_new_password(java.lang.String)&amp#27;[0m

    Embedding User registers with all fields [image/png 112984 bytes]

[INFO ] 2024-08-04 19:10:58.300 [main] DemoStoreJunit - Captured screenshot for step: User registers with all fields
[TRACE] 2024-08-04 19:10:58.398 [main] DemoStoreJunit - Confirm password entered
  &amp#27;[32mAnd &amp#27;[0m&amp#27;[32muser enters confirm password &amp#27;[0m&amp#27;[32m&amp#27;[1m"Password123"&amp#27;[0m &amp#27;[90m# org.demoStore.stepDefinitions.RegsiterStepDef.user_enters_confirm_password(java.lang.String)&amp#27;[0m

    Embedding User registers with all fields [image/png 113248 bytes]

[INFO ] 2024-08-04 19:10:58.710 [main] DemoStoreJunit - Captured screenshot for step: User registers with all fields
[TRACE] 2024-08-04 19:11:06.275 [main] DemoStoreJunit - Creat account button clicked
  &amp#27;[32mAnd &amp#27;[0m&amp#27;[32muser clicks create account button&amp#27;[0m          &amp#27;[90m# org.demoStore.stepDefinitions.RegsiterStepDef.user_clicks_create_account_button()&amp#27;[0m

    Embedding User registers with all fields [image/png 144909 bytes]

[INFO ] 2024-08-04 19:11:06.946 [main] DemoStoreJunit - Captured screenshot for step: User registers with all fields
[INFO ] 2024-08-04 19:11:07.048 [main] DemoStoreJunit - https://magento.softwaretestingboard.com/customer/account/
[TRACE] 2024-08-04 19:11:07.048 [main] DemoStoreJunit - Navigated to customer page
  &amp#27;[32mThen &amp#27;[0m&amp#27;[32muser was navigated back to customer page&amp#27;[0m  &amp#27;[90m# org.demoStore.stepDefinitions.RegsiterStepDef.user_was_navigated_back_to_customer_page()&amp#27;[0m

    Embedding User registers with all fields [image/png 145123 bytes]

[INFO ] 2024-08-04 19:11:07.382 [main] DemoStoreJunit - Captured screenshot for step: User registers with all fields
[TRACE] 2024-08-04 19:11:07.483 [main] DemoStoreJunit - Username is visible
  &amp#27;[32mAnd &amp#27;[0m&amp#27;[32muser name in welcome message &amp#27;[0m&amp#27;[32m&amp#27;[1m"John Drew"&amp#27;[0m   &amp#27;[90m# org.demoStore.stepDefinitions.RegsiterStepDef.user_name_in_welcome_message(java.lang.String)&amp#27;[0m

    Embedding User registers with all fields [image/png 145042 bytes]

[INFO ] 2024-08-04 19:11:07.789 [main] DemoStoreJunit - Captured screenshot for step: User registers with all fields
[INFO ] 2024-08-04 19:11:07.789 [main] DemoStoreJunit - Scenario execution over
]]></system-out>
    <system-err><![CDATA[Aug 04, 2024 7:10:37 PM org.openqa.selenium.devtools.CdpVersionFinder findNearestMatch
WARNING: Unable to find an exact match for CDP version 127, returning the closest version; found: 126; Please update to a Selenium version that supports CDP version 127
]]></system-err>
  </testcase>
  <testcase name="User registers with invalid data #1" classname="User creates an account in demo store application" time="35.346">
    <error message="timeout: Timed out receiving message from renderer: 22.053&#10;  (Session info: MicrosoftEdge=127.0.2651.86)&#10;Build info: version: &apos;4.22.0&apos;, revision: &apos;c5f3146703*&apos;&#10;System info: os.name: &apos;Windows 11&apos;, os.arch: &apos;amd64&apos;, os.version: &apos;10.0&apos;, java.version: &apos;22.0.1&apos;&#10;Driver info: org.openqa.selenium.edge.EdgeDriver&#10;Command: [427c5c2a6f217548020fff073001b589, get {url=https://magento.softwaretestingboard.com/}]&#10;Capabilities {acceptInsecureCerts: false, browserName: MicrosoftEdge, browserVersion: 127.0.2651.86, fedcm:accounts: true, ms:edgeOptions: {debuggerAddress: localhost:49528}, msedge: {msedgedriverVersion: 127.0.2651.86 (ac31d8b82969..., userDataDir: C:\Users\admin\AppData\Loca...}, networkConnectionEnabled: false, pageLoadStrategy: normal, platformName: windows, proxy: Proxy(), se:cdp: ws://localhost:49528/devtoo..., se:cdpVersion: 127.0.2651.86, setWindowRect: true, strictFileInteractability: false, timeouts: {implicit: 0, pageLoad: 300000, script: 30000}, unhandledPromptBehavior: dismiss and notify, webauthn:extension:credBlob: true, webauthn:extension:largeBlob: true, webauthn:extension:minPinLength: true, webauthn:extension:prf: true, webauthn:virtualAuthenticators: true}&#10;Session ID: 427c5c2a6f217548020fff073001b589" type="org.openqa.selenium.TimeoutException"><![CDATA[org.openqa.selenium.TimeoutException: 
timeout: Timed out receiving message from renderer: 22.053
  (Session info: MicrosoftEdge=127.0.2651.86)
Build info: version: '4.22.0', revision: 'c5f3146703*'
System info: os.name: 'Windows 11', os.arch: 'amd64', os.version: '10.0', java.version: '22.0.1'
Driver info: org.openqa.selenium.edge.EdgeDriver
Command: [427c5c2a6f217548020fff073001b589, get {url=https://magento.softwaretestingboard.com/}]
Capabilities {acceptInsecureCerts: false, browserName: MicrosoftEdge, browserVersion: 127.0.2651.86, fedcm:accounts: true, ms:edgeOptions: {debuggerAddress: localhost:49528}, msedge: {msedgedriverVersion: 127.0.2651.86 (ac31d8b82969..., userDataDir: C:\Users\admin\AppData\Loca...}, networkConnectionEnabled: false, pageLoadStrategy: normal, platformName: windows, proxy: Proxy(), se:cdp: ws://localhost:49528/devtoo..., se:cdpVersion: 127.0.2651.86, setWindowRect: true, strictFileInteractability: false, timeouts: {implicit: 0, pageLoad: 300000, script: 30000}, unhandledPromptBehavior: dismiss and notify, webauthn:extension:credBlob: true, webauthn:extension:largeBlob: true, webauthn:extension:minPinLength: true, webauthn:extension:prf: true, webauthn:virtualAuthenticators: true}
Session ID: 427c5c2a6f217548020fff073001b589
	at java.base/java.lang.reflect.Constructor.newInstanceWithCaller(Constructor.java:502)
	at java.base/java.lang.reflect.Constructor.newInstance(Constructor.java:486)
	at org.openqa.selenium.remote.ErrorCodec.decode(ErrorCodec.java:167)
	at org.openqa.selenium.remote.codec.w3c.W3CHttpResponseCodec.decode(W3CHttpResponseCodec.java:138)
	at org.openqa.selenium.remote.codec.w3c.W3CHttpResponseCodec.decode(W3CHttpResponseCodec.java:50)
	at org.openqa.selenium.remote.HttpCommandExecutor.execute(HttpCommandExecutor.java:190)
	at org.openqa.selenium.remote.service.DriverCommandExecutor.invokeExecute(DriverCommandExecutor.java:216)
	at org.openqa.selenium.remote.service.DriverCommandExecutor.execute(DriverCommandExecutor.java:174)
	at org.openqa.selenium.remote.RemoteWebDriver.execute(RemoteWebDriver.java:518)
	at org.openqa.selenium.remote.RemoteWebDriver.get(RemoteWebDriver.java:300)
	at org.demoStore.hooks.AllHooks.urlSetup(AllHooks.java:58)
]]></error>
    <system-out><![CDATA[
@all @register @invalidRegisterCredentials
Scenario Outline: User registers with invalid data     &amp#27;[90m# src/test/resources/features/register.feature:30&amp#27;[0m
[INFO ] 2024-08-04 19:11:13.288 [main] DemoStoreJunit - Scenario execution started
      &amp#27;[31morg.openqa.selenium.TimeoutException: timeout: Timed out receiving message from renderer: 22.053
  (Session info: MicrosoftEdge=127.0.2651.86)
Build info: version: '4.22.0', revision: 'c5f3146703*'
System info: os.name: 'Windows 11', os.arch: 'amd64', os.version: '10.0', java.version: '22.0.1'
Driver info: org.openqa.selenium.edge.EdgeDriver
Command: [427c5c2a6f217548020fff073001b589, get {url=https://magento.softwaretestingboard.com/}]
Capabilities {acceptInsecureCerts: false, browserName: MicrosoftEdge, browserVersion: 127.0.2651.86, fedcm:accounts: true, ms:edgeOptions: {debuggerAddress: localhost:49528}, msedge: {msedgedriverVersion: 127.0.2651.86 (ac31d8b82969..., userDataDir: C:\Users\admin\AppData\Loca...}, networkConnectionEnabled: false, pageLoadStrategy: normal, platformName: windows, proxy: Proxy(), se:cdp: ws://localhost:49528/devtoo..., se:cdpVersion: 127.0.2651.86, setWindowRect: true, strictFileInteractability: false, timeouts: {implicit: 0, pageLoad: 300000, script: 30000}, unhandledPromptBehavior: dismiss and notify, webauthn:extension:credBlob: true, webauthn:extension:largeBlob: true, webauthn:extension:minPinLength: true, webauthn:extension:prf: true, webauthn:virtualAuthenticators: true}
Session ID: 427c5c2a6f217548020fff073001b589
	at java.base/jdk.internal.reflect.DirectConstructorHandleAccessor.newInstance(DirectConstructorHandleAccessor.java:62)
	at java.base/java.lang.reflect.Constructor.newInstanceWithCaller(Constructor.java:502)
	at java.base/java.lang.reflect.Constructor.newInstance(Constructor.java:486)
	at org.openqa.selenium.remote.ErrorCodec.decode(ErrorCodec.java:167)
	at org.openqa.selenium.remote.codec.w3c.W3CHttpResponseCodec.decode(W3CHttpResponseCodec.java:138)
	at org.openqa.selenium.remote.codec.w3c.W3CHttpResponseCodec.decode(W3CHttpResponseCodec.java:50)
	at org.openqa.selenium.remote.HttpCommandExecutor.execute(HttpCommandExecutor.java:190)
	at org.openqa.selenium.remote.service.DriverCommandExecutor.invokeExecute(DriverCommandExecutor.java:216)
	at org.openqa.selenium.remote.service.DriverCommandExecutor.execute(DriverCommandExecutor.java:174)
	at org.openqa.selenium.remote.RemoteWebDriver.execute(RemoteWebDriver.java:518)
	at org.openqa.selenium.remote.RemoteWebDriver.get(RemoteWebDriver.java:300)
	at org.demoStore.hooks.AllHooks.urlSetup(AllHooks.java:58)
&amp#27;[0m
  &amp#27;[36mGiven &amp#27;[0m&amp#27;[36muser navigates to register page&amp#27;[0m                &amp#27;[90m# org.demoStore.stepDefinitions.RegsiterStepDef.user_navigates_to_register_page()&amp#27;[0m
  &amp#27;[36mWhen &amp#27;[0m&amp#27;[36muser enters firstname &amp#27;[0m&amp#27;[36m&amp#27;[1m"John12"&amp#27;[0m                  &amp#27;[90m# org.demoStore.stepDefinitions.RegsiterStepDef.user_enters_firstname(java.lang.String)&amp#27;[0m
  &amp#27;[36mAnd &amp#27;[0m&amp#27;[36muser enters lastname &amp#27;[0m&amp#27;[36m&amp#27;[1m"Drew12"&amp#27;[0m                    &amp#27;[90m# org.demoStore.stepDefinitions.RegsiterStepDef.user_enters_lastname(java.lang.String)&amp#27;[0m
  &amp#27;[36mAnd &amp#27;[0m&amp#27;[36muser enters new email &amp#27;[0m&amp#27;[36m&amp#27;[1m"johndrew@gmail.com"&amp#27;[0m       &amp#27;[90m# org.demoStore.stepDefinitions.RegsiterStepDef.user_enters_new_email(java.lang.String)&amp#27;[0m
  &amp#27;[36mAnd &amp#27;[0m&amp#27;[36muser enters new password &amp#27;[0m&amp#27;[36m&amp#27;[1m"wqassword"&amp#27;[0m             &amp#27;[90m# org.demoStore.stepDefinitions.RegsiterStepDef.user_enters_new_password(java.lang.String)&amp#27;[0m
  &amp#27;[36mAnd &amp#27;[0m&amp#27;[36muser enters confirm password &amp#27;[0m&amp#27;[36m&amp#27;[1m"wqassword"&amp#27;[0m         &amp#27;[90m# org.demoStore.stepDefinitions.RegsiterStepDef.user_enters_confirm_password(java.lang.String)&amp#27;[0m
  &amp#27;[36mAnd &amp#27;[0m&amp#27;[36muser clicks create account button&amp#27;[0m                &amp#27;[90m# org.demoStore.stepDefinitions.RegsiterStepDef.user_clicks_create_account_button()&amp#27;[0m
  &amp#27;[36mThen &amp#27;[0m&amp#27;[36muser should get proper register warning message&amp#27;[0m &amp#27;[90m# org.demoStore.stepDefinitions.RegsiterStepDef.user_should_get_proper_register_warning_message()&amp#27;[0m
[INFO ] 2024-08-04 19:11:44.351 [main] DemoStoreJunit - screenshot captured
[DEBUG] 2024-08-04 19:11:44.351 [main] DemoStoreJunit - Captured screenshot for failed scenario: User registers with invalid data
[INFO ] 2024-08-04 19:11:44.351 [main] DemoStoreJunit - Scenario execution over
]]></system-out>
    <system-err><![CDATA[Aug 04, 2024 7:11:13 PM org.openqa.selenium.devtools.CdpVersionFinder findNearestMatch
WARNING: Unable to find an exact match for CDP version 127, returning the closest version; found: 126; Please update to a Selenium version that supports CDP version 127
]]></system-err>
  </testcase>
  <testcase name="User registers with invalid data #2" classname="User creates an account in demo store application" time="21.161">
    <system-out><![CDATA[
@all @register @invalidRegisterCredentials
Scenario Outline: User registers with invalid data     &amp#27;[90m# src/test/resources/features/register.feature:31&amp#27;[0m
[INFO ] 2024-08-04 19:11:47.232 [main] DemoStoreJunit - Scenario execution started
[INFO ] 2024-08-04 19:11:56.479 [main] DemoStoreJunit - Opens the application
[TRACE] 2024-08-04 19:12:01.563 [main] DemoStoreJunit - Create account button clicked
[INFO ] 2024-08-04 19:12:01.573 [main] DemoStoreJunit - https://magento.softwaretestingboard.com/customer/account/create/
[TRACE] 2024-08-04 19:12:01.573 [main] DemoStoreJunit - Create account page opened
  &amp#27;[32mGiven &amp#27;[0m&amp#27;[32muser navigates to register page&amp#27;[0m                &amp#27;[90m# org.demoStore.stepDefinitions.RegsiterStepDef.user_navigates_to_register_page()&amp#27;[0m

    Embedding User registers with invalid data [image/png 106955 bytes]

[INFO ] 2024-08-04 19:12:01.882 [main] DemoStoreJunit - Captured screenshot for step: User registers with invalid data
[TRACE] 2024-08-04 19:12:01.991 [main] DemoStoreJunit - First name entered
  &amp#27;[32mWhen &amp#27;[0m&amp#27;[32muser enters firstname &amp#27;[0m&amp#27;[32m&amp#27;[1m"45"&amp#27;[0m                      &amp#27;[90m# org.demoStore.stepDefinitions.RegsiterStepDef.user_enters_firstname(java.lang.String)&amp#27;[0m

    Embedding User registers with invalid data [image/png 108248 bytes]

[INFO ] 2024-08-04 19:12:02.395 [main] DemoStoreJunit - Captured screenshot for step: User registers with invalid data
[TRACE] 2024-08-04 19:12:02.484 [main] DemoStoreJunit - Last name entered
  &amp#27;[32mAnd &amp#27;[0m&amp#27;[32muser enters lastname &amp#27;[0m&amp#27;[32m&amp#27;[1m"12"&amp#27;[0m                        &amp#27;[90m# org.demoStore.stepDefinitions.RegsiterStepDef.user_enters_lastname(java.lang.String)&amp#27;[0m

    Embedding User registers with invalid data [image/png 108593 bytes]

[INFO ] 2024-08-04 19:12:02.771 [main] DemoStoreJunit - Captured screenshot for step: User registers with invalid data
[TRACE] 2024-08-04 19:12:02.870 [main] DemoStoreJunit - Email entered
  &amp#27;[32mAnd &amp#27;[0m&amp#27;[32muser enters new email &amp#27;[0m&amp#27;[32m&amp#27;[1m"johndrew@com"&amp#27;[0m             &amp#27;[90m# org.demoStore.stepDefinitions.RegsiterStepDef.user_enters_new_email(java.lang.String)&amp#27;[0m

    Embedding User registers with invalid data [image/png 111029 bytes]

[INFO ] 2024-08-04 19:12:03.153 [main] DemoStoreJunit - Captured screenshot for step: User registers with invalid data
[TRACE] 2024-08-04 19:12:03.414 [main] DemoStoreJunit - Password entered
  &amp#27;[32mAnd &amp#27;[0m&amp#27;[32muser enters new password &amp#27;[0m&amp#27;[32m&amp#27;[1m"wqa"&amp#27;[0m                   &amp#27;[90m# org.demoStore.stepDefinitions.RegsiterStepDef.user_enters_new_password(java.lang.String)&amp#27;[0m

    Embedding User registers with invalid data [image/png 119431 bytes]

[INFO ] 2024-08-04 19:12:03.708 [main] DemoStoreJunit - Captured screenshot for step: User registers with invalid data
[TRACE] 2024-08-04 19:12:03.792 [main] DemoStoreJunit - Confirm password entered
  &amp#27;[32mAnd &amp#27;[0m&amp#27;[32muser enters confirm password &amp#27;[0m&amp#27;[32m&amp#27;[1m"wqa"&amp#27;[0m               &amp#27;[90m# org.demoStore.stepDefinitions.RegsiterStepDef.user_enters_confirm_password(java.lang.String)&amp#27;[0m

    Embedding User registers with invalid data [image/png 119507 bytes]

[INFO ] 2024-08-04 19:12:04.085 [main] DemoStoreJunit - Captured screenshot for step: User registers with invalid data
[TRACE] 2024-08-04 19:12:04.181 [main] DemoStoreJunit - Creat account button clicked
  &amp#27;[32mAnd &amp#27;[0m&amp#27;[32muser clicks create account button&amp#27;[0m                &amp#27;[90m# org.demoStore.stepDefinitions.RegsiterStepDef.user_clicks_create_account_button()&amp#27;[0m

    Embedding User registers with invalid data [image/png 123661 bytes]

[INFO ] 2024-08-04 19:12:04.548 [main] DemoStoreJunit - Captured screenshot for step: User registers with invalid data
[TRACE] 2024-08-04 19:12:04.690 [main] DemoStoreJunit - Warning message recieved
  &amp#27;[32mThen &amp#27;[0m&amp#27;[32muser should get proper register warning message&amp#27;[0m &amp#27;[90m# org.demoStore.stepDefinitions.RegsiterStepDef.user_should_get_proper_register_warning_message()&amp#27;[0m

    Embedding User registers with invalid data [image/png 123680 bytes]

[INFO ] 2024-08-04 19:12:04.984 [main] DemoStoreJunit - Captured screenshot for step: User registers with invalid data
[INFO ] 2024-08-04 19:12:04.985 [main] DemoStoreJunit - Scenario execution over
]]></system-out>
    <system-err><![CDATA[Aug 04, 2024 7:11:47 PM org.openqa.selenium.devtools.CdpVersionFinder findNearestMatch
WARNING: Unable to find an exact match for CDP version 127, returning the closest version; found: 126; Please update to a Selenium version that supports CDP version 127
]]></system-err>
  </testcase>
  <testcase name="User registers with empty credentials" classname="User creates an account in demo store application" time="27.476">
    <system-out><![CDATA[
@all @register @emptyCredentials @smoke @regression
Scenario: User registers with empty credentials                                           &amp#27;[90m# src/test/resources/features/register.feature:34&amp#27;[0m
[INFO ] 2024-08-04 19:12:09.309 [main] DemoStoreJunit - Scenario execution started
[INFO ] 2024-08-04 19:12:25.408 [main] DemoStoreJunit - Opens the application
[TRACE] 2024-08-04 19:12:28.872 [main] DemoStoreJunit - Create account button clicked
[INFO ] 2024-08-04 19:12:28.892 [main] DemoStoreJunit - https://magento.softwaretestingboard.com/customer/account/create/
[TRACE] 2024-08-04 19:12:28.893 [main] DemoStoreJunit - Create account page opened
  &amp#27;[32mGiven &amp#27;[0m&amp#27;[32muser navigates to register page&amp#27;[0m                                                   &amp#27;[90m# org.demoStore.stepDefinitions.RegsiterStepDef.user_navigates_to_register_page()&amp#27;[0m

    Embedding User registers with empty credentials [image/png 106955 bytes]

[INFO ] 2024-08-04 19:12:29.197 [main] DemoStoreJunit - Captured screenshot for step: User registers with empty credentials
[TRACE] 2024-08-04 19:12:29.572 [main] DemoStoreJunit - Empty credentials
  &amp#27;[32mWhen &amp#27;[0m&amp#27;[32muser doesnot enters any details&amp#27;[0m                                                    &amp#27;[90m# org.demoStore.stepDefinitions.RegsiterStepDef.user_doesnot_enters_any_details()&amp#27;[0m

    Embedding User registers with empty credentials [image/png 109743 bytes]

[INFO ] 2024-08-04 19:12:31.012 [main] DemoStoreJunit - Captured screenshot for step: User registers with empty credentials
[TRACE] 2024-08-04 19:12:31.120 [main] DemoStoreJunit - Creat account button clicked
  &amp#27;[32mAnd &amp#27;[0m&amp#27;[32muser clicks create account button&amp#27;[0m                                                   &amp#27;[90m# org.demoStore.stepDefinitions.RegsiterStepDef.user_clicks_create_account_button()&amp#27;[0m

    Embedding User registers with empty credentials [image/png 116657 bytes]

[INFO ] 2024-08-04 19:12:31.426 [main] DemoStoreJunit - Captured screenshot for step: User registers with empty credentials
[TRACE] 2024-08-04 19:12:31.472 [main] DemoStoreJunit - First name warning message is visible
  &amp#27;[32mThen &amp#27;[0m&amp#27;[32muser gets firstname warning message &amp#27;[0m&amp#27;[32m&amp#27;[1m"This is a required field."&amp#27;[0m                    &amp#27;[90m# org.demoStore.stepDefinitions.RegsiterStepDef.user_gets_firstname_warning_message(java.lang.String)&amp#27;[0m

    Embedding User registers with empty credentials [image/png 116701 bytes]

[INFO ] 2024-08-04 19:12:31.757 [main] DemoStoreJunit - Captured screenshot for step: User registers with empty credentials
[TRACE] 2024-08-04 19:12:31.807 [main] DemoStoreJunit - Last name warning message is visible
  &amp#27;[32mAnd &amp#27;[0m&amp#27;[32muser gets lastname warning message &amp#27;[0m&amp#27;[32m&amp#27;[1m"This is a required field."&amp#27;[0m                      &amp#27;[90m# org.demoStore.stepDefinitions.RegsiterStepDef.user_gets_lastname_warning_message(java.lang.String)&amp#27;[0m

    Embedding User registers with empty credentials [image/png 116726 bytes]

[INFO ] 2024-08-04 19:12:32.096 [main] DemoStoreJunit - Captured screenshot for step: User registers with empty credentials
[TRACE] 2024-08-04 19:12:32.145 [main] DemoStoreJunit - Email warning message is visible
  &amp#27;[32mAnd &amp#27;[0m&amp#27;[32muser gets email error message &amp#27;[0m&amp#27;[32m&amp#27;[1m"This is a required field."&amp#27;[0m                           &amp#27;[90m# org.demoStore.stepDefinitions.RegsiterStepDef.user_gets_email_error_message(java.lang.String)&amp#27;[0m

    Embedding User registers with empty credentials [image/png 116798 bytes]

[INFO ] 2024-08-04 19:12:32.459 [main] DemoStoreJunit - Captured screenshot for step: User registers with empty credentials
[TRACE] 2024-08-04 19:12:32.552 [main] DemoStoreJunit - Password warning message is visible
  &amp#27;[32mAnd &amp#27;[0m&amp#27;[32muser gets password and confirm password warning message &amp#27;[0m&amp#27;[32m&amp#27;[1m"This is a required field."&amp#27;[0m &amp#27;[90m# org.demoStore.stepDefinitions.RegsiterStepDef.user_gets_password_and_confirm_password_warning_message(java.lang.String)&amp#27;[0m

    Embedding User registers with empty credentials [image/png 116896 bytes]

[INFO ] 2024-08-04 19:12:32.838 [main] DemoStoreJunit - Captured screenshot for step: User registers with empty credentials
[INFO ] 2024-08-04 19:12:32.838 [main] DemoStoreJunit - Scenario execution over
]]></system-out>
    <system-err><![CDATA[Aug 04, 2024 7:12:09 PM org.openqa.selenium.devtools.CdpVersionFinder findNearestMatch
WARNING: Unable to find an exact match for CDP version 127, returning the closest version; found: 126; Please update to a Selenium version that supports CDP version 127
]]></system-err>
  </testcase>
  <testcase name="User searches a product" classname="User searches for a product in demo store application" time="35.65">
    <system-out><![CDATA[
@all @search @smoke @regression
Scenario Outline: User searches a product                                        &amp#27;[90m# src/test/resources/features/searchProduct.feature:16&amp#27;[0m
[INFO ] 2024-08-04 19:12:36.218 [main] DemoStoreJunit - Scenario execution started
[INFO ] 2024-08-04 19:12:47.296 [main] DemoStoreJunit - Opens the application
[INFO ] 2024-08-04 19:12:51.829 [main] DemoStoreJunit - https://magento.softwaretestingboard.com/customer/account/login/referer/aHR0cHM6Ly9tYWdlbnRvLnNvZnR3YXJldGVzdGluZ2JvYXJkLmNvbS8%2C/
[TRACE] 2024-08-04 19:12:51.829 [main] DemoStoreJunit - Navigated to login page
[INFO ] 2024-08-04 19:12:53.862 [main] DemoStoreJunit - Successfull login
[TRACE] 2024-08-04 19:12:55.494 [main] DemoStoreJunit - Welcome Message: Welcome, John Drew!
  &amp#27;[32mWhen &amp#27;[0m&amp#27;[32muser login to the application with &amp#27;[0m&amp#27;[32m&amp#27;[1m"johndrew@gmail.com"&amp#27;[0m&amp#27;[32m and &amp#27;[0m&amp#27;[32m&amp#27;[1m"Password123"&amp#27;[0m &amp#27;[90m# org.demoStore.stepDefinitions.SearchProductStepDef.user_enters_product_name(java.lang.String,java.lang.String)&amp#27;[0m

    Embedding User searches a product [image/png 1830680 bytes]

[INFO ] 2024-08-04 19:12:56.249 [main] DemoStoreJunit - Captured screenshot for step: User searches a product
[TRACE] 2024-08-04 19:12:56.264 [main] DemoStoreJunit - Redirected to home page
  &amp#27;[32mAnd &amp#27;[0m&amp#27;[32muser was navigated back to home page&amp#27;[0m                                       &amp#27;[90m# org.demoStore.stepDefinitions.LoginStepDef.user_was_navigated_back_to_home_page()&amp#27;[0m

    Embedding User searches a product [image/png 1830680 bytes]

[INFO ] 2024-08-04 19:12:57.011 [main] DemoStoreJunit - Captured screenshot for step: User searches a product
[TRACE] 2024-08-04 19:12:58.308 [main] DemoStoreJunit - Entered product name in search box: Selene Yoga Hoodie
  &amp#27;[32mWhen &amp#27;[0m&amp#27;[32muser enters product name &amp#27;[0m&amp#27;[32m&amp#27;[1m"Selene Yoga Hoodie"&amp#27;[0m                             &amp#27;[90m# org.demoStore.stepDefinitions.SearchProductStepDef.user_enters_product_name(java.lang.String)&amp#27;[0m

    Embedding User searches a product [image/png 688111 bytes]

[INFO ] 2024-08-04 19:12:59.593 [main] DemoStoreJunit - Captured screenshot for step: User searches a product
Selene Yoga Hoodie
[TRACE] 2024-08-04 19:13:00.214 [main] DemoStoreJunit - Searched product - Selene Yoga Hoodie found
  &amp#27;[32mAnd &amp#27;[0m&amp#27;[32muser finds searched product &amp#27;[0m&amp#27;[32m&amp#27;[1m"Selene Yoga Hoodie"&amp#27;[0m                           &amp#27;[90m# org.demoStore.stepDefinitions.SearchProductStepDef.user_finds_searched_product(java.lang.String)&amp#27;[0m

    Embedding User searches a product [image/png 881993 bytes]

[INFO ] 2024-08-04 19:13:00.698 [main] DemoStoreJunit - Captured screenshot for step: User searches a product
[INFO ] 2024-08-04 19:13:05.462 [main] DemoStoreJunit - https://magento.softwaretestingboard.com/selene-yoga-hoodie.html
[TRACE] 2024-08-04 19:13:05.462 [main] DemoStoreJunit - Clicked product link and was navigated to product page
  &amp#27;[32mAnd &amp#27;[0m&amp#27;[32muser clicks product name link&amp#27;[0m                                              &amp#27;[90m# org.demoStore.stepDefinitions.SearchProductStepDef.user_clicks_product_name_link()&amp#27;[0m

    Embedding User searches a product [image/png 428844 bytes]

[INFO ] 2024-08-04 19:13:05.869 [main] DemoStoreJunit - Captured screenshot for step: User searches a product
[TRACE] 2024-08-04 19:13:05.931 [main] DemoStoreJunit - Product found : Selene Yoga Hoodie
  &amp#27;[32mThen &amp#27;[0m&amp#27;[32muser checks product details&amp#27;[0m                                               &amp#27;[90m# org.demoStore.stepDefinitions.SearchProductStepDef.user_checks_product_details()&amp#27;[0m

    Embedding User searches a product [image/png 428885 bytes]

[INFO ] 2024-08-04 19:13:06.289 [main] DemoStoreJunit - Captured screenshot for step: User searches a product
[TRACE] 2024-08-04 19:13:07.684 [main] DemoStoreJunit - Clicked logout button
[INFO ] 2024-08-04 19:13:07.767 [main] DemoStoreJunit - https://magento.softwaretestingboard.com/customer/account/logoutSuccess/
[INFO ] 2024-08-04 19:13:07.807 [main] DemoStoreJunit - logout successful
  &amp#27;[32mAnd &amp#27;[0m&amp#27;[32muser logs out of the application&amp#27;[0m                                           &amp#27;[90m# org.demoStore.stepDefinitions.SearchProductStepDef.user_logs_out_of_the_application()&amp#27;[0m

    Embedding User searches a product [image/png 82190 bytes]

[INFO ] 2024-08-04 19:13:08.139 [main] DemoStoreJunit - Captured screenshot for step: User searches a product
[INFO ] 2024-08-04 19:13:08.139 [main] DemoStoreJunit - Scenario execution over
]]></system-out>
    <system-err><![CDATA[Aug 04, 2024 7:12:36 PM org.openqa.selenium.devtools.CdpVersionFinder findNearestMatch
WARNING: Unable to find an exact match for CDP version 127, returning the closest version; found: 126; Please update to a Selenium version that supports CDP version 127
]]></system-err>
  </testcase>
</testsuite>